Calling target program-options parser
[01:11:26.022] [bmv2] [D] [thread 3554] Set default default entry for table 'MyIngress.boundTable': MyIngress.matchNo - 
[01:11:26.022] [bmv2] [D] [thread 3554] Set default default entry for table 'MyIngress.get_port': NoAction - 
[01:11:26.022] [bmv2] [D] [thread 3554] Set default default entry for table 'MyIngress.SYN': NoAction - 
[01:11:26.022] [bmv2] [D] [thread 3554] Set default default entry for table 'MyIngress.ACK': NoAction - 
[01:11:26.022] [bmv2] [D] [thread 3554] Set default default entry for table 'MyIngress.copy_to_cpu': NoAction - 
[01:11:26.022] [bmv2] [D] [thread 3554] Set default default entry for table 'MyIngress.dropTable': NoAction - 
[01:11:26.022] [bmv2] [D] [thread 3554] Set default default entry for table 'MyIngress.rib': NoAction - 
[01:11:26.022] [bmv2] [D] [thread 3554] Set default default entry for table 'MyIngress.interface': NoAction - 
[01:11:26.022] [bmv2] [D] [thread 3554] Set default default entry for table 'MyIngress.fib': NoAction - 
Adding interface s3-eth1 as port 1
[01:11:26.023] [bmv2] [D] [thread 3554] Adding interface s3-eth1 as port 1
Adding interface s3-eth2 as port 2
[01:11:26.050] [bmv2] [D] [thread 3554] Adding interface s3-eth2 as port 2
Adding interface s3-eth3 as port 3
[01:11:26.075] [bmv2] [D] [thread 3554] Adding interface s3-eth3 as port 3
Adding interface s3-eth4 as port 4
[01:11:26.103] [bmv2] [D] [thread 3554] Adding interface s3-eth4 as port 4
Adding interface s3-eth5 as port 5
[01:11:26.134] [bmv2] [D] [thread 3554] Adding interface s3-eth5 as port 5
I1227 01:11:26.159405896    3554 server_builder.cc:247]      Synchronous server. Num CQs: 1, Min pollers: 1, Max Pollers: 2147483647, CQ timeout (msec): 1000
Server listening on 0.0.0.0:50053
[01:11:26.175] [bmv2] [I] [thread 3554] Starting Thrift server on port 9092
[01:11:26.176] [bmv2] [I] [thread 3554] Thrift server was started
[01:11:26.234] [bmv2] [D] [thread 3561] [0.0] [cxt 0] Processing packet received on port 1
[01:11:26.234] [bmv2] [D] [thread 3561] [0.0] [cxt 0] Parser 'parser': start
[01:11:26.234] [bmv2] [D] [thread 3561] [0.0] [cxt 0] Parser 'parser' entering state 'start'
[01:11:26.234] [bmv2] [D] [thread 3561] [0.0] [cxt 0] Extracting header 'ethernet'
[01:11:26.234] [bmv2] [D] [thread 3561] [0.0] [cxt 0] Parser state 'start': key is 86dd
[01:11:26.234] [bmv2] [T] [thread 3561] [0.0] [cxt 0] Bytes parsed: 14
[01:11:26.234] [bmv2] [D] [thread 3561] [0.0] [cxt 0] Parser 'parser': end
[01:11:26.234] [bmv2] [D] [thread 3561] [0.0] [cxt 0] Pipeline 'ingress': start
[01:11:26.234] [bmv2] [T] [thread 3561] [0.0] [cxt 0] zdf.p4(256) Condition "hdr.ipv4.ttl>0" (node_2) is false
[01:11:26.234] [bmv2] [D] [thread 3561] [0.0] [cxt 0] Pipeline 'ingress': end
[01:11:26.234] [bmv2] [D] [thread 3561] [0.0] [cxt 0] Egress port is 0
[01:11:26.234] [bmv2] [D] [thread 3562] [0.0] [cxt 0] Pipeline 'egress': start
[01:11:26.234] [bmv2] [D] [thread 3562] [0.0] [cxt 0] Pipeline 'egress': end
[01:11:26.234] [bmv2] [D] [thread 3562] [0.0] [cxt 0] Deparser 'deparser': start
[01:11:26.234] [bmv2] [T] [thread 3562] [0.0] [cxt 0] Skipping checksum 'cksum' update because condition not met
[01:11:26.234] [bmv2] [D] [thread 3562] [0.0] [cxt 0] Deparsing header 'ethernet'
[01:11:26.234] [bmv2] [D] [thread 3562] [0.0] [cxt 0] Deparser 'deparser': end
[01:11:26.234] [bmv2] [D] [thread 3566] [0.0] [cxt 0] Transmitting packet of size 208 out of port 0
[01:11:26.251] [bmv2] [D] [thread 3561] [1.0] [cxt 0] Processing packet received on port 5
[01:11:26.251] [bmv2] [D] [thread 3561] [1.0] [cxt 0] Parser 'parser': start
[01:11:26.251] [bmv2] [D] [thread 3561] [1.0] [cxt 0] Parser 'parser' entering state 'start'
[01:11:26.251] [bmv2] [D] [thread 3561] [1.0] [cxt 0] Extracting header 'ethernet'
[01:11:26.251] [bmv2] [D] [thread 3561] [1.0] [cxt 0] Parser state 'start': key is 86dd
[01:11:26.251] [bmv2] [T] [thread 3561] [1.0] [cxt 0] Bytes parsed: 14
[01:11:26.251] [bmv2] [D] [thread 3561] [1.0] [cxt 0] Parser 'parser': end
[01:11:26.251] [bmv2] [D] [thread 3561] [1.0] [cxt 0] Pipeline 'ingress': start
[01:11:26.251] [bmv2] [T] [thread 3561] [1.0] [cxt 0] zdf.p4(256) Condition "hdr.ipv4.ttl>0" (node_2) is false
[01:11:26.251] [bmv2] [D] [thread 3561] [1.0] [cxt 0] Pipeline 'ingress': end
[01:11:26.251] [bmv2] [D] [thread 3561] [1.0] [cxt 0] Egress port is 0
[01:11:26.251] [bmv2] [D] [thread 3562] [1.0] [cxt 0] Pipeline 'egress': start
[01:11:26.251] [bmv2] [D] [thread 3562] [1.0] [cxt 0] Pipeline 'egress': end
[01:11:26.251] [bmv2] [D] [thread 3562] [1.0] [cxt 0] Deparser 'deparser': start
[01:11:26.251] [bmv2] [T] [thread 3562] [1.0] [cxt 0] Skipping checksum 'cksum' update because condition not met
[01:11:26.251] [bmv2] [D] [thread 3562] [1.0] [cxt 0] Deparsing header 'ethernet'
[01:11:26.251] [bmv2] [D] [thread 3562] [1.0] [cxt 0] Deparser 'deparser': end
[01:11:26.251] [bmv2] [D] [thread 3566] [1.0] [cxt 0] Transmitting packet of size 90 out of port 0
[01:11:26.285] [bmv2] [D] [thread 3561] [2.0] [cxt 0] Processing packet received on port 5
[01:11:26.285] [bmv2] [D] [thread 3561] [2.0] [cxt 0] Parser 'parser': start
[01:11:26.285] [bmv2] [D] [thread 3561] [2.0] [cxt 0] Parser 'parser' entering state 'start'
[01:11:26.285] [bmv2] [D] [thread 3561] [2.0] [cxt 0] Extracting header 'ethernet'
[01:11:26.285] [bmv2] [D] [thread 3561] [2.0] [cxt 0] Parser state 'start': key is 86dd
[01:11:26.285] [bmv2] [T] [thread 3561] [2.0] [cxt 0] Bytes parsed: 14
[01:11:26.285] [bmv2] [D] [thread 3561] [2.0] [cxt 0] Parser 'parser': end
[01:11:26.285] [bmv2] [D] [thread 3561] [2.0] [cxt 0] Pipeline 'ingress': start
[01:11:26.285] [bmv2] [T] [thread 3561] [2.0] [cxt 0] zdf.p4(256) Condition "hdr.ipv4.ttl>0" (node_2) is false
[01:11:26.285] [bmv2] [D] [thread 3561] [2.0] [cxt 0] Pipeline 'ingress': end
[01:11:26.285] [bmv2] [D] [thread 3561] [2.0] [cxt 0] Egress port is 0
[01:11:26.285] [bmv2] [D] [thread 3561] [3.0] [cxt 0] Processing packet received on port 5
[01:11:26.285] [bmv2] [D] [thread 3561] [3.0] [cxt 0] Parser 'parser': start
[01:11:26.285] [bmv2] [D] [thread 3561] [3.0] [cxt 0] Parser 'parser' entering state 'start'
[01:11:26.285] [bmv2] [D] [thread 3561] [3.0] [cxt 0] Extracting header 'ethernet'
[01:11:26.285] [bmv2] [D] [thread 3561] [3.0] [cxt 0] Parser state 'start': key is 86dd
[01:11:26.285] [bmv2] [T] [thread 3561] [3.0] [cxt 0] Bytes parsed: 14
[01:11:26.285] [bmv2] [D] [thread 3561] [3.0] [cxt 0] Parser 'parser': end
[01:11:26.285] [bmv2] [D] [thread 3561] [3.0] [cxt 0] Pipeline 'ingress': start
[01:11:26.285] [bmv2] [T] [thread 3561] [3.0] [cxt 0] zdf.p4(256) Condition "hdr.ipv4.ttl>0" (node_2) is false
[01:11:26.285] [bmv2] [D] [thread 3561] [3.0] [cxt 0] Pipeline 'ingress': end
[01:11:26.285] [bmv2] [D] [thread 3561] [3.0] [cxt 0] Egress port is 0
[01:11:26.286] [bmv2] [D] [thread 3562] [2.0] [cxt 0] Pipeline 'egress': start
[01:11:26.286] [bmv2] [D] [thread 3562] [2.0] [cxt 0] Pipeline 'egress': end
[01:11:26.286] [bmv2] [D] [thread 3562] [2.0] [cxt 0] Deparser 'deparser': start
[01:11:26.286] [bmv2] [T] [thread 3562] [2.0] [cxt 0] Skipping checksum 'cksum' update because condition not met
[01:11:26.286] [bmv2] [D] [thread 3562] [2.0] [cxt 0] Deparsing header 'ethernet'
[01:11:26.286] [bmv2] [D] [thread 3562] [2.0] [cxt 0] Deparser 'deparser': end
[01:11:26.286] [bmv2] [D] [thread 3562] [3.0] [cxt 0] Pipeline 'egress': start
[01:11:26.286] [bmv2] [D] [thread 3562] [3.0] [cxt 0] Pipeline 'egress': end
[01:11:26.286] [bmv2] [D] [thread 3562] [3.0] [cxt 0] Deparser 'deparser': start
[01:11:26.286] [bmv2] [T] [thread 3562] [3.0] [cxt 0] Skipping checksum 'cksum' update because condition not met
[01:11:26.286] [bmv2] [D] [thread 3562] [3.0] [cxt 0] Deparsing header 'ethernet'
[01:11:26.286] [bmv2] [D] [thread 3562] [3.0] [cxt 0] Deparser 'deparser': end
[01:11:26.286] [bmv2] [D] [thread 3566] [2.0] [cxt 0] Transmitting packet of size 208 out of port 0
[01:11:26.286] [bmv2] [D] [thread 3566] [3.0] [cxt 0] Transmitting packet of size 208 out of port 0
[01:11:26.292] [bmv2] [D] [thread 3561] [4.0] [cxt 0] Processing packet received on port 3
[01:11:26.292] [bmv2] [D] [thread 3561] [4.0] [cxt 0] Parser 'parser': start
[01:11:26.292] [bmv2] [D] [thread 3561] [4.0] [cxt 0] Parser 'parser' entering state 'start'
[01:11:26.292] [bmv2] [D] [thread 3561] [4.0] [cxt 0] Extracting header 'ethernet'
[01:11:26.292] [bmv2] [D] [thread 3561] [4.0] [cxt 0] Parser state 'start': key is 86dd
[01:11:26.292] [bmv2] [T] [thread 3561] [4.0] [cxt 0] Bytes parsed: 14
[01:11:26.292] [bmv2] [D] [thread 3561] [4.0] [cxt 0] Parser 'parser': end
[01:11:26.292] [bmv2] [D] [thread 3561] [4.0] [cxt 0] Pipeline 'ingress': start
[01:11:26.292] [bmv2] [T] [thread 3561] [4.0] [cxt 0] zdf.p4(256) Condition "hdr.ipv4.ttl>0" (node_2) is false
[01:11:26.292] [bmv2] [D] [thread 3561] [4.0] [cxt 0] Pipeline 'ingress': end
[01:11:26.292] [bmv2] [D] [thread 3561] [4.0] [cxt 0] Egress port is 0
[01:11:26.292] [bmv2] [D] [thread 3562] [4.0] [cxt 0] Pipeline 'egress': start
[01:11:26.292] [bmv2] [D] [thread 3562] [4.0] [cxt 0] Pipeline 'egress': end
[01:11:26.292] [bmv2] [D] [thread 3562] [4.0] [cxt 0] Deparser 'deparser': start
[01:11:26.292] [bmv2] [T] [thread 3562] [4.0] [cxt 0] Skipping checksum 'cksum' update because condition not met
[01:11:26.292] [bmv2] [D] [thread 3562] [4.0] [cxt 0] Deparsing header 'ethernet'
[01:11:26.292] [bmv2] [D] [thread 3562] [4.0] [cxt 0] Deparser 'deparser': end
[01:11:26.292] [bmv2] [D] [thread 3566] [4.0] [cxt 0] Transmitting packet of size 208 out of port 0
[01:11:26.429] [bmv2] [D] [thread 3561] [5.0] [cxt 0] Processing packet received on port 1
[01:11:26.429] [bmv2] [D] [thread 3561] [5.0] [cxt 0] Parser 'parser': start
[01:11:26.429] [bmv2] [D] [thread 3561] [5.0] [cxt 0] Parser 'parser' entering state 'start'
[01:11:26.429] [bmv2] [D] [thread 3561] [5.0] [cxt 0] Extracting header 'ethernet'
[01:11:26.429] [bmv2] [D] [thread 3561] [5.0] [cxt 0] Parser state 'start': key is 86dd
[01:11:26.429] [bmv2] [T] [thread 3561] [5.0] [cxt 0] Bytes parsed: 14
[01:11:26.429] [bmv2] [D] [thread 3561] [5.0] [cxt 0] Parser 'parser': end
[01:11:26.429] [bmv2] [D] [thread 3561] [5.0] [cxt 0] Pipeline 'ingress': start
[01:11:26.429] [bmv2] [T] [thread 3561] [5.0] [cxt 0] zdf.p4(256) Condition "hdr.ipv4.ttl>0" (node_2) is false
[01:11:26.429] [bmv2] [D] [thread 3561] [5.0] [cxt 0] Pipeline 'ingress': end
[01:11:26.429] [bmv2] [D] [thread 3561] [5.0] [cxt 0] Egress port is 0
[01:11:26.429] [bmv2] [D] [thread 3562] [5.0] [cxt 0] Pipeline 'egress': start
[01:11:26.429] [bmv2] [D] [thread 3562] [5.0] [cxt 0] Pipeline 'egress': end
[01:11:26.429] [bmv2] [D] [thread 3562] [5.0] [cxt 0] Deparser 'deparser': start
[01:11:26.429] [bmv2] [T] [thread 3562] [5.0] [cxt 0] Skipping checksum 'cksum' update because condition not met
[01:11:26.429] [bmv2] [D] [thread 3562] [5.0] [cxt 0] Deparsing header 'ethernet'
[01:11:26.429] [bmv2] [D] [thread 3562] [5.0] [cxt 0] Deparser 'deparser': end
[01:11:26.429] [bmv2] [D] [thread 3566] [5.0] [cxt 0] Transmitting packet of size 196 out of port 0
[01:11:26.470] [bmv2] [D] [thread 3561] [6.0] [cxt 0] Processing packet received on port 5
[01:11:26.471] [bmv2] [D] [thread 3561] [6.0] [cxt 0] Parser 'parser': start
[01:11:26.471] [bmv2] [D] [thread 3561] [6.0] [cxt 0] Parser 'parser' entering state 'start'
[01:11:26.471] [bmv2] [D] [thread 3561] [6.0] [cxt 0] Extracting header 'ethernet'
[01:11:26.471] [bmv2] [D] [thread 3561] [6.0] [cxt 0] Parser state 'start': key is 86dd
[01:11:26.471] [bmv2] [T] [thread 3561] [6.0] [cxt 0] Bytes parsed: 14
[01:11:26.471] [bmv2] [D] [thread 3561] [6.0] [cxt 0] Parser 'parser': end
[01:11:26.471] [bmv2] [D] [thread 3561] [6.0] [cxt 0] Pipeline 'ingress': start
[01:11:26.471] [bmv2] [T] [thread 3561] [6.0] [cxt 0] zdf.p4(256) Condition "hdr.ipv4.ttl>0" (node_2) is false
[01:11:26.471] [bmv2] [D] [thread 3561] [6.0] [cxt 0] Pipeline 'ingress': end
[01:11:26.471] [bmv2] [D] [thread 3561] [6.0] [cxt 0] Egress port is 0
[01:11:26.471] [bmv2] [D] [thread 3562] [6.0] [cxt 0] Pipeline 'egress': start
[01:11:26.471] [bmv2] [D] [thread 3562] [6.0] [cxt 0] Pipeline 'egress': end
[01:11:26.471] [bmv2] [D] [thread 3562] [6.0] [cxt 0] Deparser 'deparser': start
[01:11:26.471] [bmv2] [T] [thread 3562] [6.0] [cxt 0] Skipping checksum 'cksum' update because condition not met
[01:11:26.471] [bmv2] [D] [thread 3562] [6.0] [cxt 0] Deparsing header 'ethernet'
[01:11:26.471] [bmv2] [D] [thread 3562] [6.0] [cxt 0] Deparser 'deparser': end
[01:11:26.471] [bmv2] [D] [thread 3566] [6.0] [cxt 0] Transmitting packet of size 90 out of port 0
[01:11:26.491] [bmv2] [D] [thread 3561] [7.0] [cxt 0] Processing packet received on port 3
[01:11:26.491] [bmv2] [D] [thread 3561] [7.0] [cxt 0] Parser 'parser': start
[01:11:26.491] [bmv2] [D] [thread 3561] [7.0] [cxt 0] Parser 'parser' entering state 'start'
[01:11:26.491] [bmv2] [D] [thread 3561] [7.0] [cxt 0] Extracting header 'ethernet'
[01:11:26.491] [bmv2] [D] [thread 3561] [7.0] [cxt 0] Parser state 'start': key is 86dd
[01:11:26.491] [bmv2] [T] [thread 3561] [7.0] [cxt 0] Bytes parsed: 14
[01:11:26.491] [bmv2] [D] [thread 3561] [7.0] [cxt 0] Parser 'parser': end
[01:11:26.491] [bmv2] [D] [thread 3561] [7.0] [cxt 0] Pipeline 'ingress': start
[01:11:26.491] [bmv2] [T] [thread 3561] [7.0] [cxt 0] zdf.p4(256) Condition "hdr.ipv4.ttl>0" (node_2) is false
[01:11:26.491] [bmv2] [D] [thread 3561] [7.0] [cxt 0] Pipeline 'ingress': end
[01:11:26.491] [bmv2] [D] [thread 3561] [7.0] [cxt 0] Egress port is 0
[01:11:26.491] [bmv2] [D] [thread 3562] [7.0] [cxt 0] Pipeline 'egress': start
[01:11:26.491] [bmv2] [D] [thread 3562] [7.0] [cxt 0] Pipeline 'egress': end
[01:11:26.491] [bmv2] [D] [thread 3562] [7.0] [cxt 0] Deparser 'deparser': start
[01:11:26.491] [bmv2] [T] [thread 3562] [7.0] [cxt 0] Skipping checksum 'cksum' update because condition not met
[01:11:26.491] [bmv2] [D] [thread 3562] [7.0] [cxt 0] Deparsing header 'ethernet'
[01:11:26.491] [bmv2] [D] [thread 3562] [7.0] [cxt 0] Deparser 'deparser': end
[01:11:26.492] [bmv2] [D] [thread 3566] [7.0] [cxt 0] Transmitting packet of size 196 out of port 0
[01:11:26.522] [bmv2] [D] [thread 3561] [8.0] [cxt 0] Processing packet received on port 1
[01:11:26.522] [bmv2] [D] [thread 3561] [8.0] [cxt 0] Parser 'parser': start
[01:11:26.522] [bmv2] [D] [thread 3561] [8.0] [cxt 0] Parser 'parser' entering state 'start'
[01:11:26.523] [bmv2] [D] [thread 3561] [8.0] [cxt 0] Extracting header 'ethernet'
[01:11:26.523] [bmv2] [D] [thread 3561] [8.0] [cxt 0] Parser state 'start': key is 86dd
[01:11:26.523] [bmv2] [T] [thread 3561] [8.0] [cxt 0] Bytes parsed: 14
[01:11:26.523] [bmv2] [D] [thread 3561] [8.0] [cxt 0] Parser 'parser': end
[01:11:26.523] [bmv2] [D] [thread 3561] [8.0] [cxt 0] Pipeline 'ingress': start
[01:11:26.523] [bmv2] [T] [thread 3561] [8.0] [cxt 0] zdf.p4(256) Condition "hdr.ipv4.ttl>0" (node_2) is false
[01:11:26.523] [bmv2] [D] [thread 3561] [8.0] [cxt 0] Pipeline 'ingress': end
[01:11:26.523] [bmv2] [D] [thread 3561] [8.0] [cxt 0] Egress port is 0
[01:11:26.523] [bmv2] [D] [thread 3562] [8.0] [cxt 0] Pipeline 'egress': start
[01:11:26.523] [bmv2] [D] [thread 3562] [8.0] [cxt 0] Pipeline 'egress': end
[01:11:26.523] [bmv2] [D] [thread 3562] [8.0] [cxt 0] Deparser 'deparser': start
[01:11:26.523] [bmv2] [T] [thread 3562] [8.0] [cxt 0] Skipping checksum 'cksum' update because condition not met
[01:11:26.523] [bmv2] [D] [thread 3562] [8.0] [cxt 0] Deparsing header 'ethernet'
[01:11:26.523] [bmv2] [D] [thread 3562] [8.0] [cxt 0] Deparser 'deparser': end
[01:11:26.523] [bmv2] [D] [thread 3566] [8.0] [cxt 0] Transmitting packet of size 90 out of port 0
[01:11:26.535] [bmv2] [D] [thread 3561] [9.0] [cxt 0] Processing packet received on port 5
[01:11:26.535] [bmv2] [D] [thread 3561] [9.0] [cxt 0] Parser 'parser': start
[01:11:26.535] [bmv2] [D] [thread 3561] [9.0] [cxt 0] Parser 'parser' entering state 'start'
[01:11:26.535] [bmv2] [D] [thread 3561] [9.0] [cxt 0] Extracting header 'ethernet'
[01:11:26.535] [bmv2] [D] [thread 3561] [9.0] [cxt 0] Parser state 'start': key is 86dd
[01:11:26.535] [bmv2] [T] [thread 3561] [9.0] [cxt 0] Bytes parsed: 14
[01:11:26.535] [bmv2] [D] [thread 3561] [9.0] [cxt 0] Parser 'parser': end
[01:11:26.535] [bmv2] [D] [thread 3561] [9.0] [cxt 0] Pipeline 'ingress': start
[01:11:26.535] [bmv2] [T] [thread 3561] [9.0] [cxt 0] zdf.p4(256) Condition "hdr.ipv4.ttl>0" (node_2) is false
[01:11:26.535] [bmv2] [D] [thread 3561] [9.0] [cxt 0] Pipeline 'ingress': end
[01:11:26.535] [bmv2] [D] [thread 3561] [9.0] [cxt 0] Egress port is 0
[01:11:26.535] [bmv2] [D] [thread 3561] [10.0] [cxt 0] Processing packet received on port 5
[01:11:26.535] [bmv2] [D] [thread 3561] [10.0] [cxt 0] Parser 'parser': start
[01:11:26.535] [bmv2] [D] [thread 3561] [10.0] [cxt 0] Parser 'parser' entering state 'start'
[01:11:26.536] [bmv2] [D] [thread 3561] [10.0] [cxt 0] Extracting header 'ethernet'
[01:11:26.536] [bmv2] [D] [thread 3561] [10.0] [cxt 0] Parser state 'start': key is 86dd
[01:11:26.536] [bmv2] [T] [thread 3561] [10.0] [cxt 0] Bytes parsed: 14
[01:11:26.536] [bmv2] [D] [thread 3561] [10.0] [cxt 0] Parser 'parser': end
[01:11:26.536] [bmv2] [D] [thread 3561] [10.0] [cxt 0] Pipeline 'ingress': start
[01:11:26.536] [bmv2] [T] [thread 3561] [10.0] [cxt 0] zdf.p4(256) Condition "hdr.ipv4.ttl>0" (node_2) is false
[01:11:26.536] [bmv2] [D] [thread 3561] [10.0] [cxt 0] Pipeline 'ingress': end
[01:11:26.536] [bmv2] [D] [thread 3561] [10.0] [cxt 0] Egress port is 0
[01:11:26.536] [bmv2] [D] [thread 3562] [9.0] [cxt 0] Pipeline 'egress': start
[01:11:26.536] [bmv2] [D] [thread 3562] [9.0] [cxt 0] Pipeline 'egress': end
[01:11:26.536] [bmv2] [D] [thread 3562] [9.0] [cxt 0] Deparser 'deparser': start
[01:11:26.536] [bmv2] [T] [thread 3562] [9.0] [cxt 0] Skipping checksum 'cksum' update because condition not met
[01:11:26.536] [bmv2] [D] [thread 3562] [9.0] [cxt 0] Deparsing header 'ethernet'
[01:11:26.536] [bmv2] [D] [thread 3562] [9.0] [cxt 0] Deparser 'deparser': end
[01:11:26.536] [bmv2] [D] [thread 3562] [10.0] [cxt 0] Pipeline 'egress': start
[01:11:26.536] [bmv2] [D] [thread 3562] [10.0] [cxt 0] Pipeline 'egress': end
[01:11:26.536] [bmv2] [D] [thread 3562] [10.0] [cxt 0] Deparser 'deparser': start
[01:11:26.536] [bmv2] [T] [thread 3562] [10.0] [cxt 0] Skipping checksum 'cksum' update because condition not met
[01:11:26.536] [bmv2] [D] [thread 3562] [10.0] [cxt 0] Deparsing header 'ethernet'
[01:11:26.536] [bmv2] [D] [thread 3562] [10.0] [cxt 0] Deparser 'deparser': end
[01:11:26.537] [bmv2] [D] [thread 3566] [9.0] [cxt 0] Transmitting packet of size 208 out of port 0
[01:11:26.537] [bmv2] [D] [thread 3566] [10.0] [cxt 0] Transmitting packet of size 208 out of port 0
[01:11:26.728] [bmv2] [D] [thread 3561] [11.0] [cxt 0] Processing packet received on port 5
[01:11:26.728] [bmv2] [D] [thread 3561] [11.0] [cxt 0] Parser 'parser': start
[01:11:26.728] [bmv2] [D] [thread 3561] [11.0] [cxt 0] Parser 'parser' entering state 'start'
[01:11:26.728] [bmv2] [D] [thread 3561] [11.0] [cxt 0] Extracting header 'ethernet'
[01:11:26.728] [bmv2] [D] [thread 3561] [11.0] [cxt 0] Parser state 'start': key is 86dd
[01:11:26.728] [bmv2] [T] [thread 3561] [11.0] [cxt 0] Bytes parsed: 14
[01:11:26.728] [bmv2] [D] [thread 3561] [11.0] [cxt 0] Parser 'parser': end
[01:11:26.728] [bmv2] [D] [thread 3561] [11.0] [cxt 0] Pipeline 'ingress': start
[01:11:26.728] [bmv2] [T] [thread 3561] [11.0] [cxt 0] zdf.p4(256) Condition "hdr.ipv4.ttl>0" (node_2) is false
[01:11:26.728] [bmv2] [D] [thread 3561] [11.0] [cxt 0] Pipeline 'ingress': end
[01:11:26.728] [bmv2] [D] [thread 3561] [11.0] [cxt 0] Egress port is 0
[01:11:26.728] [bmv2] [D] [thread 3562] [11.0] [cxt 0] Pipeline 'egress': start
[01:11:26.728] [bmv2] [D] [thread 3562] [11.0] [cxt 0] Pipeline 'egress': end
[01:11:26.728] [bmv2] [D] [thread 3562] [11.0] [cxt 0] Deparser 'deparser': start
[01:11:26.728] [bmv2] [T] [thread 3562] [11.0] [cxt 0] Skipping checksum 'cksum' update because condition not met
[01:11:26.728] [bmv2] [D] [thread 3562] [11.0] [cxt 0] Deparsing header 'ethernet'
[01:11:26.728] [bmv2] [D] [thread 3562] [11.0] [cxt 0] Deparser 'deparser': end
[01:11:26.728] [bmv2] [D] [thread 3566] [11.0] [cxt 0] Transmitting packet of size 110 out of port 0
[01:11:26.735] [bmv2] [D] [thread 3561] [12.0] [cxt 0] Processing packet received on port 5
[01:11:26.735] [bmv2] [D] [thread 3561] [12.0] [cxt 0] Parser 'parser': start
[01:11:26.735] [bmv2] [D] [thread 3561] [12.0] [cxt 0] Parser 'parser' entering state 'start'
[01:11:26.735] [bmv2] [D] [thread 3561] [12.0] [cxt 0] Extracting header 'ethernet'
[01:11:26.735] [bmv2] [D] [thread 3561] [12.0] [cxt 0] Parser state 'start': key is 86dd
[01:11:26.736] [bmv2] [T] [thread 3561] [12.0] [cxt 0] Bytes parsed: 14
[01:11:26.736] [bmv2] [D] [thread 3561] [12.0] [cxt 0] Parser 'parser': end
[01:11:26.736] [bmv2] [D] [thread 3561] [12.0] [cxt 0] Pipeline 'ingress': start
[01:11:26.736] [bmv2] [T] [thread 3561] [12.0] [cxt 0] zdf.p4(256) Condition "hdr.ipv4.ttl>0" (node_2) is false
[01:11:26.736] [bmv2] [D] [thread 3561] [12.0] [cxt 0] Pipeline 'ingress': end
[01:11:26.736] [bmv2] [D] [thread 3561] [12.0] [cxt 0] Egress port is 0
[01:11:26.736] [bmv2] [D] [thread 3561] [13.0] [cxt 0] Processing packet received on port 5
[01:11:26.736] [bmv2] [D] [thread 3561] [13.0] [cxt 0] Parser 'parser': start
[01:11:26.736] [bmv2] [D] [thread 3561] [13.0] [cxt 0] Parser 'parser' entering state 'start'
[01:11:26.736] [bmv2] [D] [thread 3561] [13.0] [cxt 0] Extracting header 'ethernet'
[01:11:26.736] [bmv2] [D] [thread 3561] [13.0] [cxt 0] Parser state 'start': key is 86dd
[01:11:26.736] [bmv2] [T] [thread 3561] [13.0] [cxt 0] Bytes parsed: 14
[01:11:26.736] [bmv2] [D] [thread 3561] [13.0] [cxt 0] Parser 'parser': end
[01:11:26.736] [bmv2] [D] [thread 3561] [13.0] [cxt 0] Pipeline 'ingress': start
[01:11:26.736] [bmv2] [T] [thread 3561] [13.0] [cxt 0] zdf.p4(256) Condition "hdr.ipv4.ttl>0" (node_2) is false
[01:11:26.736] [bmv2] [D] [thread 3561] [13.0] [cxt 0] Pipeline 'ingress': end
[01:11:26.736] [bmv2] [D] [thread 3561] [13.0] [cxt 0] Egress port is 0
[01:11:26.736] [bmv2] [D] [thread 3562] [12.0] [cxt 0] Pipeline 'egress': start
[01:11:26.736] [bmv2] [D] [thread 3562] [12.0] [cxt 0] Pipeline 'egress': end
[01:11:26.736] [bmv2] [D] [thread 3562] [12.0] [cxt 0] Deparser 'deparser': start
[01:11:26.736] [bmv2] [T] [thread 3562] [12.0] [cxt 0] Skipping checksum 'cksum' update because condition not met
[01:11:26.736] [bmv2] [D] [thread 3562] [12.0] [cxt 0] Deparsing header 'ethernet'
[01:11:26.736] [bmv2] [D] [thread 3562] [12.0] [cxt 0] Deparser 'deparser': end
[01:11:26.736] [bmv2] [D] [thread 3562] [13.0] [cxt 0] Pipeline 'egress': start
[01:11:26.736] [bmv2] [D] [thread 3562] [13.0] [cxt 0] Pipeline 'egress': end
[01:11:26.736] [bmv2] [D] [thread 3562] [13.0] [cxt 0] Deparser 'deparser': start
[01:11:26.736] [bmv2] [T] [thread 3562] [13.0] [cxt 0] Skipping checksum 'cksum' update because condition not met
[01:11:26.736] [bmv2] [D] [thread 3562] [13.0] [cxt 0] Deparsing header 'ethernet'
[01:11:26.736] [bmv2] [D] [thread 3562] [13.0] [cxt 0] Deparser 'deparser': end
[01:11:26.737] [bmv2] [D] [thread 3566] [12.0] [cxt 0] Transmitting packet of size 196 out of port 0
[01:11:26.737] [bmv2] [D] [thread 3566] [13.0] [cxt 0] Transmitting packet of size 196 out of port 0
[01:11:26.973] [bmv2] [D] [thread 3561] [14.0] [cxt 0] Processing packet received on port 4
[01:11:26.973] [bmv2] [D] [thread 3561] [14.0] [cxt 0] Parser 'parser': start
[01:11:26.973] [bmv2] [D] [thread 3561] [14.0] [cxt 0] Parser 'parser' entering state 'start'
[01:11:26.973] [bmv2] [D] [thread 3561] [14.0] [cxt 0] Extracting header 'ethernet'
[01:11:26.974] [bmv2] [D] [thread 3561] [14.0] [cxt 0] Parser state 'start': key is 86dd
[01:11:26.974] [bmv2] [T] [thread 3561] [14.0] [cxt 0] Bytes parsed: 14
[01:11:26.974] [bmv2] [D] [thread 3561] [14.0] [cxt 0] Parser 'parser': end
[01:11:26.974] [bmv2] [D] [thread 3561] [14.0] [cxt 0] Pipeline 'ingress': start
[01:11:26.974] [bmv2] [T] [thread 3561] [14.0] [cxt 0] zdf.p4(256) Condition "hdr.ipv4.ttl>0" (node_2) is false
[01:11:26.974] [bmv2] [D] [thread 3561] [14.0] [cxt 0] Pipeline 'ingress': end
[01:11:26.974] [bmv2] [D] [thread 3561] [14.0] [cxt 0] Egress port is 0
[01:11:26.974] [bmv2] [D] [thread 3562] [14.0] [cxt 0] Pipeline 'egress': start
[01:11:26.974] [bmv2] [D] [thread 3562] [14.0] [cxt 0] Pipeline 'egress': end
[01:11:26.974] [bmv2] [D] [thread 3562] [14.0] [cxt 0] Deparser 'deparser': start
[01:11:26.974] [bmv2] [T] [thread 3562] [14.0] [cxt 0] Skipping checksum 'cksum' update because condition not met
[01:11:26.974] [bmv2] [D] [thread 3562] [14.0] [cxt 0] Deparsing header 'ethernet'
[01:11:26.974] [bmv2] [D] [thread 3562] [14.0] [cxt 0] Deparser 'deparser': end
[01:11:26.974] [bmv2] [D] [thread 3566] [14.0] [cxt 0] Transmitting packet of size 196 out of port 0
[01:11:27.036] [bmv2] [D] [thread 3561] [15.0] [cxt 0] Processing packet received on port 4
[01:11:27.036] [bmv2] [D] [thread 3561] [15.0] [cxt 0] Parser 'parser': start
[01:11:27.036] [bmv2] [D] [thread 3561] [15.0] [cxt 0] Parser 'parser' entering state 'start'
[01:11:27.036] [bmv2] [D] [thread 3561] [15.0] [cxt 0] Extracting header 'ethernet'
[01:11:27.036] [bmv2] [D] [thread 3561] [15.0] [cxt 0] Parser state 'start': key is 86dd
[01:11:27.036] [bmv2] [T] [thread 3561] [15.0] [cxt 0] Bytes parsed: 14
[01:11:27.036] [bmv2] [D] [thread 3561] [15.0] [cxt 0] Parser 'parser': end
[01:11:27.036] [bmv2] [D] [thread 3561] [15.0] [cxt 0] Pipeline 'ingress': start
[01:11:27.036] [bmv2] [T] [thread 3561] [15.0] [cxt 0] zdf.p4(256) Condition "hdr.ipv4.ttl>0" (node_2) is false
[01:11:27.036] [bmv2] [D] [thread 3561] [15.0] [cxt 0] Pipeline 'ingress': end
[01:11:27.036] [bmv2] [D] [thread 3561] [15.0] [cxt 0] Egress port is 0
[01:11:27.036] [bmv2] [D] [thread 3562] [15.0] [cxt 0] Pipeline 'egress': start
[01:11:27.036] [bmv2] [D] [thread 3562] [15.0] [cxt 0] Pipeline 'egress': end
[01:11:27.036] [bmv2] [D] [thread 3562] [15.0] [cxt 0] Deparser 'deparser': start
[01:11:27.036] [bmv2] [T] [thread 3562] [15.0] [cxt 0] Skipping checksum 'cksum' update because condition not met
[01:11:27.036] [bmv2] [D] [thread 3562] [15.0] [cxt 0] Deparsing header 'ethernet'
[01:11:27.036] [bmv2] [D] [thread 3562] [15.0] [cxt 0] Deparser 'deparser': end
[01:11:27.036] [bmv2] [D] [thread 3566] [15.0] [cxt 0] Transmitting packet of size 196 out of port 0
[01:11:27.455] [bmv2] [D] [thread 3561] [16.0] [cxt 0] Processing packet received on port 1
[01:11:27.455] [bmv2] [D] [thread 3561] [16.0] [cxt 0] Parser 'parser': start
[01:11:27.455] [bmv2] [D] [thread 3561] [16.0] [cxt 0] Parser 'parser' entering state 'start'
[01:11:27.455] [bmv2] [D] [thread 3561] [16.0] [cxt 0] Extracting header 'ethernet'
[01:11:27.455] [bmv2] [D] [thread 3561] [16.0] [cxt 0] Parser state 'start': key is 86dd
[01:11:27.455] [bmv2] [T] [thread 3561] [16.0] [cxt 0] Bytes parsed: 14
[01:11:27.455] [bmv2] [D] [thread 3561] [16.0] [cxt 0] Parser 'parser': end
[01:11:27.455] [bmv2] [D] [thread 3561] [16.0] [cxt 0] Pipeline 'ingress': start
[01:11:27.455] [bmv2] [T] [thread 3561] [16.0] [cxt 0] zdf.p4(256) Condition "hdr.ipv4.ttl>0" (node_2) is false
[01:11:27.455] [bmv2] [D] [thread 3561] [16.0] [cxt 0] Pipeline 'ingress': end
[01:11:27.455] [bmv2] [D] [thread 3561] [16.0] [cxt 0] Egress port is 0
[01:11:27.455] [bmv2] [D] [thread 3562] [16.0] [cxt 0] Pipeline 'egress': start
[01:11:27.455] [bmv2] [D] [thread 3562] [16.0] [cxt 0] Pipeline 'egress': end
[01:11:27.455] [bmv2] [D] [thread 3562] [16.0] [cxt 0] Deparser 'deparser': start
[01:11:27.455] [bmv2] [T] [thread 3562] [16.0] [cxt 0] Skipping checksum 'cksum' update because condition not met
[01:11:27.455] [bmv2] [D] [thread 3562] [16.0] [cxt 0] Deparsing header 'ethernet'
[01:11:27.455] [bmv2] [D] [thread 3562] [16.0] [cxt 0] Deparser 'deparser': end
[01:11:27.455] [bmv2] [D] [thread 3566] [16.0] [cxt 0] Transmitting packet of size 196 out of port 0
[01:11:27.517] [bmv2] [D] [thread 3561] [17.0] [cxt 0] Processing packet received on port 3
[01:11:27.517] [bmv2] [D] [thread 3561] [17.0] [cxt 0] Parser 'parser': start
[01:11:27.517] [bmv2] [D] [thread 3561] [17.0] [cxt 0] Parser 'parser' entering state 'start'
[01:11:27.517] [bmv2] [D] [thread 3561] [17.0] [cxt 0] Extracting header 'ethernet'
[01:11:27.517] [bmv2] [D] [thread 3561] [17.0] [cxt 0] Parser state 'start': key is 86dd
[01:11:27.517] [bmv2] [T] [thread 3561] [17.0] [cxt 0] Bytes parsed: 14
[01:11:27.517] [bmv2] [D] [thread 3561] [17.0] [cxt 0] Parser 'parser': end
[01:11:27.517] [bmv2] [D] [thread 3561] [17.0] [cxt 0] Pipeline 'ingress': start
[01:11:27.517] [bmv2] [T] [thread 3561] [17.0] [cxt 0] zdf.p4(256) Condition "hdr.ipv4.ttl>0" (node_2) is false
[01:11:27.517] [bmv2] [D] [thread 3561] [17.0] [cxt 0] Pipeline 'ingress': end
[01:11:27.517] [bmv2] [D] [thread 3561] [17.0] [cxt 0] Egress port is 0
[01:11:27.517] [bmv2] [D] [thread 3562] [17.0] [cxt 0] Pipeline 'egress': start
[01:11:27.517] [bmv2] [D] [thread 3562] [17.0] [cxt 0] Pipeline 'egress': end
[01:11:27.517] [bmv2] [D] [thread 3562] [17.0] [cxt 0] Deparser 'deparser': start
[01:11:27.517] [bmv2] [T] [thread 3562] [17.0] [cxt 0] Skipping checksum 'cksum' update because condition not met
[01:11:27.517] [bmv2] [D] [thread 3562] [17.0] [cxt 0] Deparsing header 'ethernet'
[01:11:27.517] [bmv2] [D] [thread 3562] [17.0] [cxt 0] Deparser 'deparser': end
[01:11:27.517] [bmv2] [D] [thread 3566] [17.0] [cxt 0] Transmitting packet of size 196 out of port 0
[01:11:27.707] [bmv2] [D] [thread 3561] [18.0] [cxt 0] Processing packet received on port 2
[01:11:27.707] [bmv2] [D] [thread 3561] [18.0] [cxt 0] Parser 'parser': start
[01:11:27.707] [bmv2] [D] [thread 3561] [18.0] [cxt 0] Parser 'parser' entering state 'start'
[01:11:27.707] [bmv2] [D] [thread 3561] [18.0] [cxt 0] Extracting header 'ethernet'
[01:11:27.707] [bmv2] [D] [thread 3561] [18.0] [cxt 0] Parser state 'start': key is 86dd
[01:11:27.707] [bmv2] [T] [thread 3561] [18.0] [cxt 0] Bytes parsed: 14
[01:11:27.707] [bmv2] [D] [thread 3561] [18.0] [cxt 0] Parser 'parser': end
[01:11:27.707] [bmv2] [D] [thread 3561] [18.0] [cxt 0] Pipeline 'ingress': start
[01:11:27.707] [bmv2] [T] [thread 3561] [18.0] [cxt 0] zdf.p4(256) Condition "hdr.ipv4.ttl>0" (node_2) is false
[01:11:27.707] [bmv2] [D] [thread 3561] [18.0] [cxt 0] Pipeline 'ingress': end
[01:11:27.707] [bmv2] [D] [thread 3561] [18.0] [cxt 0] Egress port is 0
[01:11:27.707] [bmv2] [D] [thread 3562] [18.0] [cxt 0] Pipeline 'egress': start
[01:11:27.707] [bmv2] [D] [thread 3562] [18.0] [cxt 0] Pipeline 'egress': end
[01:11:27.707] [bmv2] [D] [thread 3562] [18.0] [cxt 0] Deparser 'deparser': start
[01:11:27.707] [bmv2] [T] [thread 3562] [18.0] [cxt 0] Skipping checksum 'cksum' update because condition not met
[01:11:27.707] [bmv2] [D] [thread 3562] [18.0] [cxt 0] Deparsing header 'ethernet'
[01:11:27.707] [bmv2] [D] [thread 3562] [18.0] [cxt 0] Deparser 'deparser': end
[01:11:27.707] [bmv2] [D] [thread 3566] [18.0] [cxt 0] Transmitting packet of size 110 out of port 0
[01:11:27.760] [bmv2] [D] [thread 3561] [19.0] [cxt 0] Processing packet received on port 5
[01:11:27.761] [bmv2] [D] [thread 3561] [19.0] [cxt 0] Parser 'parser': start
[01:11:27.761] [bmv2] [D] [thread 3561] [19.0] [cxt 0] Parser 'parser' entering state 'start'
[01:11:27.761] [bmv2] [D] [thread 3561] [19.0] [cxt 0] Extracting header 'ethernet'
[01:11:27.761] [bmv2] [D] [thread 3561] [19.0] [cxt 0] Parser state 'start': key is 86dd
[01:11:27.761] [bmv2] [T] [thread 3561] [19.0] [cxt 0] Bytes parsed: 14
[01:11:27.761] [bmv2] [D] [thread 3561] [19.0] [cxt 0] Parser 'parser': end
[01:11:27.761] [bmv2] [D] [thread 3561] [19.0] [cxt 0] Pipeline 'ingress': start
[01:11:27.761] [bmv2] [T] [thread 3561] [19.0] [cxt 0] zdf.p4(256) Condition "hdr.ipv4.ttl>0" (node_2) is false
[01:11:27.761] [bmv2] [D] [thread 3561] [19.0] [cxt 0] Pipeline 'ingress': end
[01:11:27.761] [bmv2] [D] [thread 3561] [19.0] [cxt 0] Egress port is 0
[01:11:27.761] [bmv2] [D] [thread 3561] [20.0] [cxt 0] Processing packet received on port 5
[01:11:27.761] [bmv2] [D] [thread 3561] [20.0] [cxt 0] Parser 'parser': start
[01:11:27.761] [bmv2] [D] [thread 3561] [20.0] [cxt 0] Parser 'parser' entering state 'start'
[01:11:27.761] [bmv2] [D] [thread 3561] [20.0] [cxt 0] Extracting header 'ethernet'
[01:11:27.761] [bmv2] [D] [thread 3561] [20.0] [cxt 0] Parser state 'start': key is 86dd
[01:11:27.761] [bmv2] [T] [thread 3561] [20.0] [cxt 0] Bytes parsed: 14
[01:11:27.761] [bmv2] [D] [thread 3561] [20.0] [cxt 0] Parser 'parser': end
[01:11:27.761] [bmv2] [D] [thread 3561] [20.0] [cxt 0] Pipeline 'ingress': start
[01:11:27.761] [bmv2] [T] [thread 3561] [20.0] [cxt 0] zdf.p4(256) Condition "hdr.ipv4.ttl>0" (node_2) is false
[01:11:27.761] [bmv2] [D] [thread 3561] [20.0] [cxt 0] Pipeline 'ingress': end
[01:11:27.761] [bmv2] [D] [thread 3561] [20.0] [cxt 0] Egress port is 0
[01:11:27.761] [bmv2] [D] [thread 3562] [19.0] [cxt 0] Pipeline 'egress': start
[01:11:27.761] [bmv2] [D] [thread 3562] [19.0] [cxt 0] Pipeline 'egress': end
[01:11:27.761] [bmv2] [D] [thread 3562] [19.0] [cxt 0] Deparser 'deparser': start
[01:11:27.762] [bmv2] [T] [thread 3562] [19.0] [cxt 0] Skipping checksum 'cksum' update because condition not met
[01:11:27.762] [bmv2] [D] [thread 3562] [19.0] [cxt 0] Deparsing header 'ethernet'
[01:11:27.762] [bmv2] [D] [thread 3562] [19.0] [cxt 0] Deparser 'deparser': end
[01:11:27.762] [bmv2] [D] [thread 3562] [20.0] [cxt 0] Pipeline 'egress': start
[01:11:27.762] [bmv2] [D] [thread 3562] [20.0] [cxt 0] Pipeline 'egress': end
[01:11:27.762] [bmv2] [D] [thread 3562] [20.0] [cxt 0] Deparser 'deparser': start
[01:11:27.762] [bmv2] [T] [thread 3562] [20.0] [cxt 0] Skipping checksum 'cksum' update because condition not met
[01:11:27.762] [bmv2] [D] [thread 3562] [20.0] [cxt 0] Deparsing header 'ethernet'
[01:11:27.762] [bmv2] [D] [thread 3562] [20.0] [cxt 0] Deparser 'deparser': end
[01:11:27.762] [bmv2] [D] [thread 3566] [19.0] [cxt 0] Transmitting packet of size 196 out of port 0
[01:11:27.762] [bmv2] [D] [thread 3566] [20.0] [cxt 0] Transmitting packet of size 196 out of port 0
[01:11:27.799] [bmv2] [D] [thread 3561] [21.0] [cxt 0] Processing packet received on port 1
[01:11:27.799] [bmv2] [D] [thread 3561] [21.0] [cxt 0] Parser 'parser': start
[01:11:27.799] [bmv2] [D] [thread 3561] [21.0] [cxt 0] Parser 'parser' entering state 'start'
[01:11:27.799] [bmv2] [D] [thread 3561] [21.0] [cxt 0] Extracting header 'ethernet'
[01:11:27.799] [bmv2] [D] [thread 3561] [21.0] [cxt 0] Parser state 'start': key is 86dd
[01:11:27.799] [bmv2] [T] [thread 3561] [21.0] [cxt 0] Bytes parsed: 14
[01:11:27.799] [bmv2] [D] [thread 3561] [21.0] [cxt 0] Parser 'parser': end
[01:11:27.799] [bmv2] [D] [thread 3561] [21.0] [cxt 0] Pipeline 'ingress': start
[01:11:27.799] [bmv2] [T] [thread 3561] [21.0] [cxt 0] zdf.p4(256) Condition "hdr.ipv4.ttl>0" (node_2) is false
[01:11:27.799] [bmv2] [D] [thread 3561] [21.0] [cxt 0] Pipeline 'ingress': end
[01:11:27.799] [bmv2] [D] [thread 3561] [21.0] [cxt 0] Egress port is 0
[01:11:27.799] [bmv2] [D] [thread 3562] [21.0] [cxt 0] Pipeline 'egress': start
[01:11:27.799] [bmv2] [D] [thread 3562] [21.0] [cxt 0] Pipeline 'egress': end
[01:11:27.799] [bmv2] [D] [thread 3562] [21.0] [cxt 0] Deparser 'deparser': start
[01:11:27.799] [bmv2] [T] [thread 3562] [21.0] [cxt 0] Skipping checksum 'cksum' update because condition not met
[01:11:27.799] [bmv2] [D] [thread 3562] [21.0] [cxt 0] Deparsing header 'ethernet'
[01:11:27.799] [bmv2] [D] [thread 3562] [21.0] [cxt 0] Deparser 'deparser': end
[01:11:27.799] [bmv2] [D] [thread 3566] [21.0] [cxt 0] Transmitting packet of size 110 out of port 0
New connection
P4Runtime SetForwardingPipelineConfig
[01:11:27.907] [bmv2] [D] [thread 3627] Set default default entry for table 'MyIngress.boundTable': MyIngress.matchNo - 
[01:11:27.907] [bmv2] [D] [thread 3627] Set default default entry for table 'MyIngress.get_port': NoAction - 
[01:11:27.907] [bmv2] [D] [thread 3627] Set default default entry for table 'MyIngress.SYN': NoAction - 
[01:11:27.907] [bmv2] [D] [thread 3627] Set default default entry for table 'MyIngress.ACK': NoAction - 
[01:11:27.907] [bmv2] [D] [thread 3627] Set default default entry for table 'MyIngress.copy_to_cpu': NoAction - 
[01:11:27.907] [bmv2] [D] [thread 3627] Set default default entry for table 'MyIngress.dropTable': NoAction - 
[01:11:27.907] [bmv2] [D] [thread 3627] Set default default entry for table 'MyIngress.rib': NoAction - 
[01:11:27.907] [bmv2] [D] [thread 3627] Set default default entry for table 'MyIngress.interface': NoAction - 
[01:11:27.907] [bmv2] [D] [thread 3627] Set default default entry for table 'MyIngress.fib': NoAction - 
P4Runtime Write
device_id: 2
election_id {
  low: 1
}
updates {
  type: INSERT
  entity {
    table_entry {
      table_id: 33558590
      match {
        field_id: 1
        lpm {
          value: "\n\000\001\001"
          prefix_len: 32
        }
      }
      action {
        action {
          action_id: 16826124
          params {
            param_id: 1
            value: "\n\000\001\001"
          }
        }
      }
    }
  }
}
[01:11:27.914] [bmv2] [D] [thread 3627] Entry 0 added to table 'MyIngress.rib'
[01:11:27.914] [bmv2] [D] [thread 3627] Dumping entry 0
Match key:
* hdr.ipv4.dstAddr    : LPM       0a000101/32
Action entry: MyIngress.set_nhop - a000101,

P4Runtime Write
device_id: 2
election_id {
  low: 1
}
updates {
  type: INSERT
  entity {
    table_entry {
      table_id: 33558590
      match {
        field_id: 1
        lpm {
          value: "\n\000\002\002"
          prefix_len: 32
        }
      }
      action {
        action {
          action_id: 16826124
          params {
            param_id: 1
            value: "\n\000\002\002"
          }
        }
      }
    }
  }
}
[01:11:27.917] [bmv2] [D] [thread 3627] Entry 1 added to table 'MyIngress.rib'
[01:11:27.917] [bmv2] [D] [thread 3627] Dumping entry 1
Match key:
* hdr.ipv4.dstAddr    : LPM       0a000202/32
Action entry: MyIngress.set_nhop - a000202,

P4Runtime Write
device_id: 2
election_id {
  low: 1
}
updates {
  type: INSERT
  entity {
    table_entry {
      table_id: 33558590
      match {
        field_id: 1
        lpm {
          value: "\n\000\003\003"
          prefix_len: 32
        }
      }
      action {
        action {
          action_id: 16826124
          params {
            param_id: 1
            value: "\n\000\003\003"
          }
        }
      }
    }
  }
}
[01:11:27.919] [bmv2] [D] [thread 3627] Entry 2 added to table 'MyIngress.rib'
[01:11:27.919] [bmv2] [D] [thread 3627] Dumping entry 2
Match key:
* hdr.ipv4.dstAddr    : LPM       0a000303/32
Action entry: MyIngress.set_nhop - a000303,

P4Runtime Write
device_id: 2
election_id {
  low: 1
}
updates {
  type: INSERT
  entity {
    table_entry {
      table_id: 33589827
      match {
        field_id: 1
        exact {
          value: "\n\000\001\001"
        }
      }
      action {
        action {
          action_id: 16837735
          params {
            param_id: 1
            value: "\000\000\000\000\0200"
          }
          params {
            param_id: 2
            value: "\000\004"
          }
        }
      }
    }
  }
}
[01:11:27.921] [bmv2] [D] [thread 3627] Entry 0 added to table 'MyIngress.interface'
[01:11:27.922] [bmv2] [D] [thread 3627] Dumping entry 0
Match key:
* meta.nhop_ipv4      : EXACT     0a000101
Action entry: MyIngress.set_dmac - 1030,4,

P4Runtime Write
device_id: 2
election_id {
  low: 1
}
updates {
  type: INSERT
  entity {
    table_entry {
      table_id: 33589827
      match {
        field_id: 1
        exact {
          value: "\n\000\002\002"
        }
      }
      action {
        action {
          action_id: 16837735
          params {
            param_id: 1
            value: "\000\000\000\000 0"
          }
          params {
            param_id: 2
            value: "\000\005"
          }
        }
      }
    }
  }
}
[01:11:27.923] [bmv2] [D] [thread 3627] Entry 1 added to table 'MyIngress.interface'
[01:11:27.924] [bmv2] [D] [thread 3627] Dumping entry 1
Match key:
* meta.nhop_ipv4      : EXACT     0a000202
Action entry: MyIngress.set_dmac - 2030,5,

P4Runtime Write
device_id: 2
election_id {
  low: 1
}
updates {
  type: INSERT
  entity {
    table_entry {
      table_id: 33589827
      match {
        field_id: 1
        exact {
          value: "\n\000\003\003"
        }
      }
      action {
        action {
          action_id: 16837735
          params {
            param_id: 1
            value: "\000\000\000\000\003\003"
          }
          params {
            param_id: 2
            value: "\000\002"
          }
        }
      }
    }
  }
}
[01:11:27.925] [bmv2] [D] [thread 3627] Entry 2 added to table 'MyIngress.interface'
[01:11:27.925] [bmv2] [D] [thread 3627] Dumping entry 2
Match key:
* meta.nhop_ipv4      : EXACT     0a000303
Action entry: MyIngress.set_dmac - 303,2,

P4Runtime Write
device_id: 2
election_id {
  low: 1
}
updates {
  type: INSERT
  entity {
    table_entry {
      table_id: 33592171
      match {
        field_id: 1
        exact {
          value: "\000\002"
        }
      }
      action {
        action {
          action_id: 16824776
          params {
            param_id: 1
            value: "\000\000\000\0000\003"
          }
        }
      }
    }
  }
}
[01:11:27.927] [bmv2] [D] [thread 3627] Entry 0 added to table 'MyIngress.fib'
[01:11:27.927] [bmv2] [D] [thread 3627] Dumping entry 0
Match key:
* standard_metadata.egress_spec: EXACT     0002
Action entry: MyIngress.rewrite_mac - 3003,

P4Runtime Write
device_id: 2
election_id {
  low: 1
}
updates {
  type: INSERT
  entity {
    table_entry {
      table_id: 33592171
      match {
        field_id: 1
        exact {
          value: "\000\004"
        }
      }
      action {
        action {
          action_id: 16824776
          params {
            param_id: 1
            value: "\000\000\000\0000\020"
          }
        }
      }
    }
  }
}
[01:11:27.929] [bmv2] [D] [thread 3627] Entry 1 added to table 'MyIngress.fib'
[01:11:27.929] [bmv2] [D] [thread 3627] Dumping entry 1
Match key:
* standard_metadata.egress_spec: EXACT     0004
Action entry: MyIngress.rewrite_mac - 3010,

P4Runtime Write
device_id: 2
election_id {
  low: 1
}
updates {
  type: INSERT
  entity {
    table_entry {
      table_id: 33592171
      match {
        field_id: 1
        exact {
          value: "\000\005"
        }
      }
      action {
        action {
          action_id: 16824776
          params {
            param_id: 1
            value: "\000\000\000\0000 "
          }
        }
      }
    }
  }
}
[01:11:27.931] [bmv2] [D] [thread 3627] Entry 2 added to table 'MyIngress.fib'
[01:11:27.931] [bmv2] [D] [thread 3627] Dumping entry 2
Match key:
* standard_metadata.egress_spec: EXACT     0005
Action entry: MyIngress.rewrite_mac - 3020,

P4Runtime Write
device_id: 2
election_id {
  low: 1
}
updates {
  type: INSERT
  entity {
    table_entry {
      table_id: 33555812
      match {
        field_id: 1
        exact {
          value: "\n\000\003\003"
        }
      }
      action {
        action {
          action_id: 16791810
        }
      }
    }
  }
}
[01:11:27.932] [bmv2] [D] [thread 3627] Entry 0 added to table 'MyIngress.boundTable'
[01:11:27.932] [bmv2] [D] [thread 3627] Dumping entry 0
Match key:
* hdr.ipv4.srcAddr    : EXACT     0a000303
Action entry: MyIngress.matchYes - 

Connection removed
[01:11:28.576] [bmv2] [D] [thread 3561] [22.0] [cxt 0] Processing packet received on port 2
[01:11:28.576] [bmv2] [D] [thread 3561] [22.0] [cxt 0] Parser 'parser': start
[01:11:28.576] [bmv2] [D] [thread 3561] [22.0] [cxt 0] Parser 'parser' entering state 'start'
[01:11:28.576] [bmv2] [D] [thread 3561] [22.0] [cxt 0] Extracting header 'ethernet'
[01:11:28.576] [bmv2] [D] [thread 3561] [22.0] [cxt 0] Parser state 'start': key is 86dd
[01:11:28.576] [bmv2] [T] [thread 3561] [22.0] [cxt 0] Bytes parsed: 14
[01:11:28.576] [bmv2] [D] [thread 3561] [22.0] [cxt 0] Parser 'parser': end
[01:11:28.576] [bmv2] [D] [thread 3561] [22.0] [cxt 0] Pipeline 'ingress': start
[01:11:28.576] [bmv2] [T] [thread 3561] [22.0] [cxt 0] zdf.p4(256) Condition "hdr.ipv4.ttl>0" (node_2) is false
[01:11:28.577] [bmv2] [D] [thread 3561] [22.0] [cxt 0] Pipeline 'ingress': end
[01:11:28.577] [bmv2] [D] [thread 3561] [22.0] [cxt 0] Egress port is 0
[01:11:28.577] [bmv2] [D] [thread 3562] [22.0] [cxt 0] Pipeline 'egress': start
[01:11:28.577] [bmv2] [D] [thread 3562] [22.0] [cxt 0] Pipeline 'egress': end
[01:11:28.577] [bmv2] [D] [thread 3562] [22.0] [cxt 0] Deparser 'deparser': start
[01:11:28.577] [bmv2] [T] [thread 3562] [22.0] [cxt 0] Skipping checksum 'cksum' update because condition not met
[01:11:28.577] [bmv2] [D] [thread 3562] [22.0] [cxt 0] Deparsing header 'ethernet'
[01:11:28.577] [bmv2] [D] [thread 3562] [22.0] [cxt 0] Deparser 'deparser': end
[01:11:28.577] [bmv2] [D] [thread 3566] [22.0] [cxt 0] Transmitting packet of size 110 out of port 0
[01:11:28.695] [bmv2] [D] [thread 3561] [23.0] [cxt 0] Processing packet received on port 1
[01:11:28.695] [bmv2] [D] [thread 3561] [23.0] [cxt 0] Parser 'parser': start
[01:11:28.695] [bmv2] [D] [thread 3561] [23.0] [cxt 0] Parser 'parser' entering state 'start'
[01:11:28.695] [bmv2] [D] [thread 3561] [23.0] [cxt 0] Extracting header 'ethernet'
[01:11:28.695] [bmv2] [D] [thread 3561] [23.0] [cxt 0] Parser state 'start': key is 86dd
[01:11:28.695] [bmv2] [T] [thread 3561] [23.0] [cxt 0] Bytes parsed: 14
[01:11:28.695] [bmv2] [D] [thread 3561] [23.0] [cxt 0] Parser 'parser': end
[01:11:28.695] [bmv2] [D] [thread 3561] [23.0] [cxt 0] Pipeline 'ingress': start
[01:11:28.695] [bmv2] [T] [thread 3561] [23.0] [cxt 0] zdf.p4(256) Condition "hdr.ipv4.ttl>0" (node_2) is false
[01:11:28.695] [bmv2] [D] [thread 3561] [23.0] [cxt 0] Pipeline 'ingress': end
[01:11:28.695] [bmv2] [D] [thread 3561] [23.0] [cxt 0] Egress port is 0
[01:11:28.695] [bmv2] [D] [thread 3562] [23.0] [cxt 0] Pipeline 'egress': start
[01:11:28.695] [bmv2] [D] [thread 3562] [23.0] [cxt 0] Pipeline 'egress': end
[01:11:28.695] [bmv2] [D] [thread 3562] [23.0] [cxt 0] Deparser 'deparser': start
[01:11:28.696] [bmv2] [T] [thread 3562] [23.0] [cxt 0] Skipping checksum 'cksum' update because condition not met
[01:11:28.696] [bmv2] [D] [thread 3562] [23.0] [cxt 0] Deparsing header 'ethernet'
[01:11:28.696] [bmv2] [D] [thread 3562] [23.0] [cxt 0] Deparser 'deparser': end
[01:11:28.696] [bmv2] [D] [thread 3566] [23.0] [cxt 0] Transmitting packet of size 110 out of port 0
[01:11:28.999] [bmv2] [D] [thread 3561] [24.0] [cxt 0] Processing packet received on port 4
[01:11:28.999] [bmv2] [D] [thread 3561] [24.0] [cxt 0] Parser 'parser': start
[01:11:29.000] [bmv2] [D] [thread 3561] [24.0] [cxt 0] Parser 'parser' entering state 'start'
[01:11:29.000] [bmv2] [D] [thread 3561] [24.0] [cxt 0] Extracting header 'ethernet'
[01:11:29.000] [bmv2] [D] [thread 3561] [24.0] [cxt 0] Parser state 'start': key is 86dd
[01:11:29.000] [bmv2] [T] [thread 3561] [24.0] [cxt 0] Bytes parsed: 14
[01:11:29.000] [bmv2] [D] [thread 3561] [24.0] [cxt 0] Parser 'parser': end
[01:11:29.000] [bmv2] [D] [thread 3561] [24.0] [cxt 0] Pipeline 'ingress': start
[01:11:29.000] [bmv2] [T] [thread 3561] [24.0] [cxt 0] zdf.p4(256) Condition "hdr.ipv4.ttl>0" (node_2) is false
[01:11:29.000] [bmv2] [D] [thread 3561] [24.0] [cxt 0] Pipeline 'ingress': end
[01:11:29.000] [bmv2] [D] [thread 3561] [24.0] [cxt 0] Egress port is 0
[01:11:29.000] [bmv2] [D] [thread 3562] [24.0] [cxt 0] Pipeline 'egress': start
[01:11:29.000] [bmv2] [D] [thread 3562] [24.0] [cxt 0] Pipeline 'egress': end
[01:11:29.000] [bmv2] [D] [thread 3562] [24.0] [cxt 0] Deparser 'deparser': start
[01:11:29.000] [bmv2] [T] [thread 3562] [24.0] [cxt 0] Skipping checksum 'cksum' update because condition not met
[01:11:29.000] [bmv2] [D] [thread 3562] [24.0] [cxt 0] Deparsing header 'ethernet'
[01:11:29.000] [bmv2] [D] [thread 3562] [24.0] [cxt 0] Deparser 'deparser': end
[01:11:29.000] [bmv2] [D] [thread 3566] [24.0] [cxt 0] Transmitting packet of size 196 out of port 0
[01:11:29.063] [bmv2] [D] [thread 3561] [25.0] [cxt 0] Processing packet received on port 4
[01:11:29.063] [bmv2] [D] [thread 3561] [25.0] [cxt 0] Parser 'parser': start
[01:11:29.063] [bmv2] [D] [thread 3561] [25.0] [cxt 0] Parser 'parser' entering state 'start'
[01:11:29.063] [bmv2] [D] [thread 3561] [25.0] [cxt 0] Extracting header 'ethernet'
[01:11:29.063] [bmv2] [D] [thread 3561] [25.0] [cxt 0] Parser state 'start': key is 86dd
[01:11:29.063] [bmv2] [T] [thread 3561] [25.0] [cxt 0] Bytes parsed: 14
[01:11:29.063] [bmv2] [D] [thread 3561] [25.0] [cxt 0] Parser 'parser': end
[01:11:29.063] [bmv2] [D] [thread 3561] [25.0] [cxt 0] Pipeline 'ingress': start
[01:11:29.063] [bmv2] [T] [thread 3561] [25.0] [cxt 0] zdf.p4(256) Condition "hdr.ipv4.ttl>0" (node_2) is false
[01:11:29.063] [bmv2] [D] [thread 3561] [25.0] [cxt 0] Pipeline 'ingress': end
[01:11:29.063] [bmv2] [D] [thread 3561] [25.0] [cxt 0] Egress port is 0
[01:11:29.063] [bmv2] [D] [thread 3562] [25.0] [cxt 0] Pipeline 'egress': start
[01:11:29.063] [bmv2] [D] [thread 3562] [25.0] [cxt 0] Pipeline 'egress': end
[01:11:29.063] [bmv2] [D] [thread 3562] [25.0] [cxt 0] Deparser 'deparser': start
[01:11:29.063] [bmv2] [T] [thread 3562] [25.0] [cxt 0] Skipping checksum 'cksum' update because condition not met
[01:11:29.063] [bmv2] [D] [thread 3562] [25.0] [cxt 0] Deparsing header 'ethernet'
[01:11:29.063] [bmv2] [D] [thread 3562] [25.0] [cxt 0] Deparser 'deparser': end
[01:11:29.064] [bmv2] [D] [thread 3566] [25.0] [cxt 0] Transmitting packet of size 196 out of port 0
[01:11:29.155] [bmv2] [D] [thread 3561] [26.0] [cxt 0] Processing packet received on port 4
[01:11:29.155] [bmv2] [D] [thread 3561] [26.0] [cxt 0] Parser 'parser': start
[01:11:29.155] [bmv2] [D] [thread 3561] [26.0] [cxt 0] Parser 'parser' entering state 'start'
[01:11:29.155] [bmv2] [D] [thread 3561] [26.0] [cxt 0] Extracting header 'ethernet'
[01:11:29.155] [bmv2] [D] [thread 3561] [26.0] [cxt 0] Parser state 'start': key is 86dd
[01:11:29.155] [bmv2] [T] [thread 3561] [26.0] [cxt 0] Bytes parsed: 14
[01:11:29.155] [bmv2] [D] [thread 3561] [26.0] [cxt 0] Parser 'parser': end
[01:11:29.155] [bmv2] [D] [thread 3561] [26.0] [cxt 0] Pipeline 'ingress': start
[01:11:29.155] [bmv2] [T] [thread 3561] [26.0] [cxt 0] zdf.p4(256) Condition "hdr.ipv4.ttl>0" (node_2) is false
[01:11:29.155] [bmv2] [D] [thread 3561] [26.0] [cxt 0] Pipeline 'ingress': end
[01:11:29.155] [bmv2] [D] [thread 3561] [26.0] [cxt 0] Egress port is 0
[01:11:29.155] [bmv2] [D] [thread 3562] [26.0] [cxt 0] Pipeline 'egress': start
[01:11:29.155] [bmv2] [D] [thread 3562] [26.0] [cxt 0] Pipeline 'egress': end
[01:11:29.155] [bmv2] [D] [thread 3562] [26.0] [cxt 0] Deparser 'deparser': start
[01:11:29.155] [bmv2] [T] [thread 3562] [26.0] [cxt 0] Skipping checksum 'cksum' update because condition not met
[01:11:29.155] [bmv2] [D] [thread 3562] [26.0] [cxt 0] Deparsing header 'ethernet'
[01:11:29.155] [bmv2] [D] [thread 3562] [26.0] [cxt 0] Deparser 'deparser': end
[01:11:29.155] [bmv2] [D] [thread 3566] [26.0] [cxt 0] Transmitting packet of size 70 out of port 0
[01:11:29.217] [bmv2] [D] [thread 3561] [27.0] [cxt 0] Processing packet received on port 4
[01:11:29.217] [bmv2] [D] [thread 3561] [27.0] [cxt 0] Parser 'parser': start
[01:11:29.217] [bmv2] [D] [thread 3561] [27.0] [cxt 0] Parser 'parser' entering state 'start'
[01:11:29.217] [bmv2] [D] [thread 3561] [27.0] [cxt 0] Extracting header 'ethernet'
[01:11:29.217] [bmv2] [D] [thread 3561] [27.0] [cxt 0] Parser state 'start': key is 86dd
[01:11:29.217] [bmv2] [T] [thread 3561] [27.0] [cxt 0] Bytes parsed: 14
[01:11:29.217] [bmv2] [D] [thread 3561] [27.0] [cxt 0] Parser 'parser': end
[01:11:29.217] [bmv2] [D] [thread 3561] [27.0] [cxt 0] Pipeline 'ingress': start
[01:11:29.218] [bmv2] [T] [thread 3561] [27.0] [cxt 0] zdf.p4(256) Condition "hdr.ipv4.ttl>0" (node_2) is false
[01:11:29.218] [bmv2] [D] [thread 3561] [27.0] [cxt 0] Pipeline 'ingress': end
[01:11:29.218] [bmv2] [D] [thread 3561] [27.0] [cxt 0] Egress port is 0
[01:11:29.218] [bmv2] [D] [thread 3562] [27.0] [cxt 0] Pipeline 'egress': start
[01:11:29.218] [bmv2] [D] [thread 3562] [27.0] [cxt 0] Pipeline 'egress': end
[01:11:29.218] [bmv2] [D] [thread 3562] [27.0] [cxt 0] Deparser 'deparser': start
[01:11:29.218] [bmv2] [T] [thread 3562] [27.0] [cxt 0] Skipping checksum 'cksum' update because condition not met
[01:11:29.218] [bmv2] [D] [thread 3562] [27.0] [cxt 0] Deparsing header 'ethernet'
[01:11:29.218] [bmv2] [D] [thread 3562] [27.0] [cxt 0] Deparser 'deparser': end
[01:11:29.218] [bmv2] [D] [thread 3566] [27.0] [cxt 0] Transmitting packet of size 70 out of port 0
[01:11:29.481] [bmv2] [D] [thread 3561] [28.0] [cxt 0] Processing packet received on port 1
[01:11:29.481] [bmv2] [D] [thread 3561] [28.0] [cxt 0] Parser 'parser': start
[01:11:29.481] [bmv2] [D] [thread 3561] [28.0] [cxt 0] Parser 'parser' entering state 'start'
[01:11:29.481] [bmv2] [D] [thread 3561] [28.0] [cxt 0] Extracting header 'ethernet'
[01:11:29.481] [bmv2] [D] [thread 3561] [28.0] [cxt 0] Parser state 'start': key is 86dd
[01:11:29.481] [bmv2] [T] [thread 3561] [28.0] [cxt 0] Bytes parsed: 14
[01:11:29.481] [bmv2] [D] [thread 3561] [28.0] [cxt 0] Parser 'parser': end
[01:11:29.481] [bmv2] [D] [thread 3561] [28.0] [cxt 0] Pipeline 'ingress': start
[01:11:29.481] [bmv2] [T] [thread 3561] [28.0] [cxt 0] zdf.p4(256) Condition "hdr.ipv4.ttl>0" (node_2) is false
[01:11:29.481] [bmv2] [D] [thread 3561] [28.0] [cxt 0] Pipeline 'ingress': end
[01:11:29.482] [bmv2] [D] [thread 3561] [28.0] [cxt 0] Egress port is 0
[01:11:29.482] [bmv2] [D] [thread 3562] [28.0] [cxt 0] Pipeline 'egress': start
[01:11:29.482] [bmv2] [D] [thread 3562] [28.0] [cxt 0] Pipeline 'egress': end
[01:11:29.482] [bmv2] [D] [thread 3562] [28.0] [cxt 0] Deparser 'deparser': start
[01:11:29.482] [bmv2] [T] [thread 3562] [28.0] [cxt 0] Skipping checksum 'cksum' update because condition not met
[01:11:29.482] [bmv2] [D] [thread 3562] [28.0] [cxt 0] Deparsing header 'ethernet'
[01:11:29.482] [bmv2] [D] [thread 3562] [28.0] [cxt 0] Deparser 'deparser': end
[01:11:29.482] [bmv2] [D] [thread 3566] [28.0] [cxt 0] Transmitting packet of size 196 out of port 0
[01:11:29.543] [bmv2] [D] [thread 3561] [29.0] [cxt 0] Processing packet received on port 3
[01:11:29.543] [bmv2] [D] [thread 3561] [29.0] [cxt 0] Parser 'parser': start
[01:11:29.543] [bmv2] [D] [thread 3561] [29.0] [cxt 0] Parser 'parser' entering state 'start'
[01:11:29.543] [bmv2] [D] [thread 3561] [29.0] [cxt 0] Extracting header 'ethernet'
[01:11:29.544] [bmv2] [D] [thread 3561] [29.0] [cxt 0] Parser state 'start': key is 86dd
[01:11:29.544] [bmv2] [T] [thread 3561] [29.0] [cxt 0] Bytes parsed: 14
[01:11:29.544] [bmv2] [D] [thread 3561] [29.0] [cxt 0] Parser 'parser': end
[01:11:29.544] [bmv2] [D] [thread 3561] [29.0] [cxt 0] Pipeline 'ingress': start
[01:11:29.544] [bmv2] [T] [thread 3561] [29.0] [cxt 0] zdf.p4(256) Condition "hdr.ipv4.ttl>0" (node_2) is false
[01:11:29.544] [bmv2] [D] [thread 3561] [29.0] [cxt 0] Pipeline 'ingress': end
[01:11:29.544] [bmv2] [D] [thread 3561] [29.0] [cxt 0] Egress port is 0
[01:11:29.544] [bmv2] [D] [thread 3562] [29.0] [cxt 0] Pipeline 'egress': start
[01:11:29.544] [bmv2] [D] [thread 3562] [29.0] [cxt 0] Pipeline 'egress': end
[01:11:29.544] [bmv2] [D] [thread 3562] [29.0] [cxt 0] Deparser 'deparser': start
[01:11:29.544] [bmv2] [T] [thread 3562] [29.0] [cxt 0] Skipping checksum 'cksum' update because condition not met
[01:11:29.544] [bmv2] [D] [thread 3562] [29.0] [cxt 0] Deparsing header 'ethernet'
[01:11:29.544] [bmv2] [D] [thread 3562] [29.0] [cxt 0] Deparser 'deparser': end
[01:11:29.544] [bmv2] [D] [thread 3566] [29.0] [cxt 0] Transmitting packet of size 196 out of port 0
[01:11:29.631] [bmv2] [D] [thread 3561] [30.0] [cxt 0] Processing packet received on port 1
[01:11:29.631] [bmv2] [D] [thread 3561] [30.0] [cxt 0] Parser 'parser': start
[01:11:29.631] [bmv2] [D] [thread 3561] [30.0] [cxt 0] Parser 'parser' entering state 'start'
[01:11:29.631] [bmv2] [D] [thread 3561] [30.0] [cxt 0] Extracting header 'ethernet'
[01:11:29.631] [bmv2] [D] [thread 3561] [30.0] [cxt 0] Parser state 'start': key is 86dd
[01:11:29.631] [bmv2] [T] [thread 3561] [30.0] [cxt 0] Bytes parsed: 14
[01:11:29.631] [bmv2] [D] [thread 3561] [30.0] [cxt 0] Parser 'parser': end
[01:11:29.631] [bmv2] [D] [thread 3561] [30.0] [cxt 0] Pipeline 'ingress': start
[01:11:29.631] [bmv2] [T] [thread 3561] [30.0] [cxt 0] zdf.p4(256) Condition "hdr.ipv4.ttl>0" (node_2) is false
[01:11:29.631] [bmv2] [D] [thread 3561] [30.0] [cxt 0] Pipeline 'ingress': end
[01:11:29.631] [bmv2] [D] [thread 3561] [30.0] [cxt 0] Egress port is 0
[01:11:29.632] [bmv2] [D] [thread 3562] [30.0] [cxt 0] Pipeline 'egress': start
[01:11:29.632] [bmv2] [D] [thread 3562] [30.0] [cxt 0] Pipeline 'egress': end
[01:11:29.632] [bmv2] [D] [thread 3562] [30.0] [cxt 0] Deparser 'deparser': start
[01:11:29.632] [bmv2] [T] [thread 3562] [30.0] [cxt 0] Skipping checksum 'cksum' update because condition not met
[01:11:29.632] [bmv2] [D] [thread 3562] [30.0] [cxt 0] Deparsing header 'ethernet'
[01:11:29.632] [bmv2] [D] [thread 3562] [30.0] [cxt 0] Deparser 'deparser': end
[01:11:29.632] [bmv2] [D] [thread 3566] [30.0] [cxt 0] Transmitting packet of size 70 out of port 0
[01:11:29.719] [bmv2] [D] [thread 3561] [31.0] [cxt 0] Processing packet received on port 3
[01:11:29.719] [bmv2] [D] [thread 3561] [31.0] [cxt 0] Parser 'parser': start
[01:11:29.719] [bmv2] [D] [thread 3561] [31.0] [cxt 0] Parser 'parser' entering state 'start'
[01:11:29.719] [bmv2] [D] [thread 3561] [31.0] [cxt 0] Extracting header 'ethernet'
[01:11:29.719] [bmv2] [D] [thread 3561] [31.0] [cxt 0] Parser state 'start': key is 86dd
[01:11:29.719] [bmv2] [T] [thread 3561] [31.0] [cxt 0] Bytes parsed: 14
[01:11:29.719] [bmv2] [D] [thread 3561] [31.0] [cxt 0] Parser 'parser': end
[01:11:29.719] [bmv2] [D] [thread 3561] [31.0] [cxt 0] Pipeline 'ingress': start
[01:11:29.719] [bmv2] [T] [thread 3561] [31.0] [cxt 0] zdf.p4(256) Condition "hdr.ipv4.ttl>0" (node_2) is false
[01:11:29.719] [bmv2] [D] [thread 3561] [31.0] [cxt 0] Pipeline 'ingress': end
[01:11:29.719] [bmv2] [D] [thread 3561] [31.0] [cxt 0] Egress port is 0
[01:11:29.719] [bmv2] [D] [thread 3562] [31.0] [cxt 0] Pipeline 'egress': start
[01:11:29.719] [bmv2] [D] [thread 3562] [31.0] [cxt 0] Pipeline 'egress': end
[01:11:29.719] [bmv2] [D] [thread 3562] [31.0] [cxt 0] Deparser 'deparser': start
[01:11:29.719] [bmv2] [T] [thread 3562] [31.0] [cxt 0] Skipping checksum 'cksum' update because condition not met
[01:11:29.719] [bmv2] [D] [thread 3562] [31.0] [cxt 0] Deparsing header 'ethernet'
[01:11:29.719] [bmv2] [D] [thread 3562] [31.0] [cxt 0] Deparser 'deparser': end
[01:11:29.720] [bmv2] [D] [thread 3566] [31.0] [cxt 0] Transmitting packet of size 70 out of port 0
[01:11:29.786] [bmv2] [D] [thread 3561] [32.0] [cxt 0] Processing packet received on port 5
[01:11:29.786] [bmv2] [D] [thread 3561] [32.0] [cxt 0] Parser 'parser': start
[01:11:29.786] [bmv2] [D] [thread 3561] [32.0] [cxt 0] Parser 'parser' entering state 'start'
[01:11:29.786] [bmv2] [D] [thread 3561] [32.0] [cxt 0] Extracting header 'ethernet'
[01:11:29.786] [bmv2] [D] [thread 3561] [32.0] [cxt 0] Parser state 'start': key is 86dd
[01:11:29.786] [bmv2] [T] [thread 3561] [32.0] [cxt 0] Bytes parsed: 14
[01:11:29.786] [bmv2] [D] [thread 3561] [32.0] [cxt 0] Parser 'parser': end
[01:11:29.786] [bmv2] [D] [thread 3561] [32.0] [cxt 0] Pipeline 'ingress': start
[01:11:29.786] [bmv2] [T] [thread 3561] [32.0] [cxt 0] zdf.p4(256) Condition "hdr.ipv4.ttl>0" (node_2) is false
[01:11:29.786] [bmv2] [D] [thread 3561] [32.0] [cxt 0] Pipeline 'ingress': end
[01:11:29.786] [bmv2] [D] [thread 3561] [32.0] [cxt 0] Egress port is 0
[01:11:29.786] [bmv2] [D] [thread 3562] [32.0] [cxt 0] Pipeline 'egress': start
[01:11:29.786] [bmv2] [D] [thread 3562] [32.0] [cxt 0] Pipeline 'egress': end
[01:11:29.786] [bmv2] [D] [thread 3562] [32.0] [cxt 0] Deparser 'deparser': start
[01:11:29.786] [bmv2] [T] [thread 3562] [32.0] [cxt 0] Skipping checksum 'cksum' update because condition not met
[01:11:29.786] [bmv2] [D] [thread 3562] [32.0] [cxt 0] Deparsing header 'ethernet'
[01:11:29.786] [bmv2] [D] [thread 3562] [32.0] [cxt 0] Deparser 'deparser': end
[01:11:29.786] [bmv2] [D] [thread 3566] [32.0] [cxt 0] Transmitting packet of size 196 out of port 0
[01:11:29.786] [bmv2] [D] [thread 3561] [33.0] [cxt 0] Processing packet received on port 5
[01:11:29.786] [bmv2] [D] [thread 3561] [33.0] [cxt 0] Parser 'parser': start
[01:11:29.786] [bmv2] [D] [thread 3561] [33.0] [cxt 0] Parser 'parser' entering state 'start'
[01:11:29.786] [bmv2] [D] [thread 3561] [33.0] [cxt 0] Extracting header 'ethernet'
[01:11:29.786] [bmv2] [D] [thread 3561] [33.0] [cxt 0] Parser state 'start': key is 86dd
[01:11:29.786] [bmv2] [T] [thread 3561] [33.0] [cxt 0] Bytes parsed: 14
[01:11:29.786] [bmv2] [D] [thread 3561] [33.0] [cxt 0] Parser 'parser': end
[01:11:29.787] [bmv2] [D] [thread 3561] [33.0] [cxt 0] Pipeline 'ingress': start
[01:11:29.787] [bmv2] [T] [thread 3561] [33.0] [cxt 0] zdf.p4(256) Condition "hdr.ipv4.ttl>0" (node_2) is false
[01:11:29.787] [bmv2] [D] [thread 3561] [33.0] [cxt 0] Pipeline 'ingress': end
[01:11:29.787] [bmv2] [D] [thread 3561] [33.0] [cxt 0] Egress port is 0
[01:11:29.787] [bmv2] [D] [thread 3562] [33.0] [cxt 0] Pipeline 'egress': start
[01:11:29.787] [bmv2] [D] [thread 3562] [33.0] [cxt 0] Pipeline 'egress': end
[01:11:29.787] [bmv2] [D] [thread 3562] [33.0] [cxt 0] Deparser 'deparser': start
[01:11:29.787] [bmv2] [T] [thread 3562] [33.0] [cxt 0] Skipping checksum 'cksum' update because condition not met
[01:11:29.787] [bmv2] [D] [thread 3562] [33.0] [cxt 0] Deparsing header 'ethernet'
[01:11:29.787] [bmv2] [D] [thread 3562] [33.0] [cxt 0] Deparser 'deparser': end
[01:11:29.787] [bmv2] [D] [thread 3566] [33.0] [cxt 0] Transmitting packet of size 196 out of port 0
[01:11:29.950] [bmv2] [D] [thread 3561] [34.0] [cxt 0] Processing packet received on port 5
[01:11:29.950] [bmv2] [D] [thread 3561] [34.0] [cxt 0] Parser 'parser': start
[01:11:29.950] [bmv2] [D] [thread 3561] [34.0] [cxt 0] Parser 'parser' entering state 'start'
[01:11:29.950] [bmv2] [D] [thread 3561] [34.0] [cxt 0] Extracting header 'ethernet'
[01:11:29.950] [bmv2] [D] [thread 3561] [34.0] [cxt 0] Parser state 'start': key is 86dd
[01:11:29.950] [bmv2] [T] [thread 3561] [34.0] [cxt 0] Bytes parsed: 14
[01:11:29.950] [bmv2] [D] [thread 3561] [34.0] [cxt 0] Parser 'parser': end
[01:11:29.950] [bmv2] [D] [thread 3561] [34.0] [cxt 0] Pipeline 'ingress': start
[01:11:29.950] [bmv2] [T] [thread 3561] [34.0] [cxt 0] zdf.p4(256) Condition "hdr.ipv4.ttl>0" (node_2) is false
[01:11:29.950] [bmv2] [D] [thread 3561] [34.0] [cxt 0] Pipeline 'ingress': end
[01:11:29.950] [bmv2] [D] [thread 3561] [34.0] [cxt 0] Egress port is 0
[01:11:29.951] [bmv2] [D] [thread 3562] [34.0] [cxt 0] Pipeline 'egress': start
[01:11:29.951] [bmv2] [D] [thread 3562] [34.0] [cxt 0] Pipeline 'egress': end
[01:11:29.951] [bmv2] [D] [thread 3562] [34.0] [cxt 0] Deparser 'deparser': start
[01:11:29.951] [bmv2] [T] [thread 3562] [34.0] [cxt 0] Skipping checksum 'cksum' update because condition not met
[01:11:29.951] [bmv2] [D] [thread 3562] [34.0] [cxt 0] Deparsing header 'ethernet'
[01:11:29.951] [bmv2] [D] [thread 3562] [34.0] [cxt 0] Deparser 'deparser': end
[01:11:29.951] [bmv2] [D] [thread 3566] [34.0] [cxt 0] Transmitting packet of size 70 out of port 0
[01:11:29.951] [bmv2] [D] [thread 3561] [35.0] [cxt 0] Processing packet received on port 5
[01:11:29.951] [bmv2] [D] [thread 3561] [35.0] [cxt 0] Parser 'parser': start
[01:11:29.951] [bmv2] [D] [thread 3561] [35.0] [cxt 0] Parser 'parser' entering state 'start'
[01:11:29.951] [bmv2] [D] [thread 3561] [35.0] [cxt 0] Extracting header 'ethernet'
[01:11:29.951] [bmv2] [D] [thread 3561] [35.0] [cxt 0] Parser state 'start': key is 86dd
[01:11:29.951] [bmv2] [T] [thread 3561] [35.0] [cxt 0] Bytes parsed: 14
[01:11:29.951] [bmv2] [D] [thread 3561] [35.0] [cxt 0] Parser 'parser': end
[01:11:29.951] [bmv2] [D] [thread 3561] [35.0] [cxt 0] Pipeline 'ingress': start
[01:11:29.951] [bmv2] [T] [thread 3561] [35.0] [cxt 0] zdf.p4(256) Condition "hdr.ipv4.ttl>0" (node_2) is false
[01:11:29.951] [bmv2] [D] [thread 3561] [35.0] [cxt 0] Pipeline 'ingress': end
[01:11:29.951] [bmv2] [D] [thread 3561] [35.0] [cxt 0] Egress port is 0
[01:11:29.951] [bmv2] [D] [thread 3562] [35.0] [cxt 0] Pipeline 'egress': start
[01:11:29.951] [bmv2] [D] [thread 3562] [35.0] [cxt 0] Pipeline 'egress': end
[01:11:29.951] [bmv2] [D] [thread 3562] [35.0] [cxt 0] Deparser 'deparser': start
[01:11:29.951] [bmv2] [T] [thread 3562] [35.0] [cxt 0] Skipping checksum 'cksum' update because condition not met
[01:11:29.951] [bmv2] [D] [thread 3562] [35.0] [cxt 0] Deparsing header 'ethernet'
[01:11:29.951] [bmv2] [D] [thread 3562] [35.0] [cxt 0] Deparser 'deparser': end
[01:11:29.951] [bmv2] [D] [thread 3566] [35.0] [cxt 0] Transmitting packet of size 70 out of port 0
[01:11:33.262] [bmv2] [D] [thread 3561] [36.0] [cxt 0] Processing packet received on port 4
[01:11:33.262] [bmv2] [D] [thread 3561] [36.0] [cxt 0] Parser 'parser': start
[01:11:33.262] [bmv2] [D] [thread 3561] [36.0] [cxt 0] Parser 'parser' entering state 'start'
[01:11:33.262] [bmv2] [D] [thread 3561] [36.0] [cxt 0] Extracting header 'ethernet'
[01:11:33.262] [bmv2] [D] [thread 3561] [36.0] [cxt 0] Parser state 'start': key is 86dd
[01:11:33.262] [bmv2] [T] [thread 3561] [36.0] [cxt 0] Bytes parsed: 14
[01:11:33.262] [bmv2] [D] [thread 3561] [36.0] [cxt 0] Parser 'parser': end
[01:11:33.262] [bmv2] [D] [thread 3561] [36.0] [cxt 0] Pipeline 'ingress': start
[01:11:33.262] [bmv2] [T] [thread 3561] [36.0] [cxt 0] zdf.p4(256) Condition "hdr.ipv4.ttl>0" (node_2) is false
[01:11:33.262] [bmv2] [D] [thread 3561] [36.0] [cxt 0] Pipeline 'ingress': end
[01:11:33.262] [bmv2] [D] [thread 3561] [36.0] [cxt 0] Egress port is 0
[01:11:33.262] [bmv2] [D] [thread 3561] [37.0] [cxt 0] Processing packet received on port 4
[01:11:33.262] [bmv2] [D] [thread 3561] [37.0] [cxt 0] Parser 'parser': start
[01:11:33.262] [bmv2] [D] [thread 3561] [37.0] [cxt 0] Parser 'parser' entering state 'start'
[01:11:33.262] [bmv2] [D] [thread 3561] [37.0] [cxt 0] Extracting header 'ethernet'
[01:11:33.262] [bmv2] [D] [thread 3561] [37.0] [cxt 0] Parser state 'start': key is 86dd
[01:11:33.262] [bmv2] [T] [thread 3561] [37.0] [cxt 0] Bytes parsed: 14
[01:11:33.262] [bmv2] [D] [thread 3561] [37.0] [cxt 0] Parser 'parser': end
[01:11:33.262] [bmv2] [D] [thread 3561] [37.0] [cxt 0] Pipeline 'ingress': start
[01:11:33.262] [bmv2] [T] [thread 3561] [37.0] [cxt 0] zdf.p4(256) Condition "hdr.ipv4.ttl>0" (node_2) is false
[01:11:33.262] [bmv2] [D] [thread 3561] [37.0] [cxt 0] Pipeline 'ingress': end
[01:11:33.262] [bmv2] [D] [thread 3561] [37.0] [cxt 0] Egress port is 0
[01:11:33.262] [bmv2] [D] [thread 3562] [36.0] [cxt 0] Pipeline 'egress': start
[01:11:33.262] [bmv2] [D] [thread 3562] [36.0] [cxt 0] Pipeline 'egress': end
[01:11:33.262] [bmv2] [D] [thread 3562] [36.0] [cxt 0] Deparser 'deparser': start
[01:11:33.262] [bmv2] [T] [thread 3562] [36.0] [cxt 0] Skipping checksum 'cksum' update because condition not met
[01:11:33.262] [bmv2] [D] [thread 3562] [36.0] [cxt 0] Deparsing header 'ethernet'
[01:11:33.262] [bmv2] [D] [thread 3562] [36.0] [cxt 0] Deparser 'deparser': end
[01:11:33.262] [bmv2] [D] [thread 3562] [37.0] [cxt 0] Pipeline 'egress': start
[01:11:33.262] [bmv2] [D] [thread 3562] [37.0] [cxt 0] Pipeline 'egress': end
[01:11:33.262] [bmv2] [D] [thread 3562] [37.0] [cxt 0] Deparser 'deparser': start
[01:11:33.262] [bmv2] [T] [thread 3562] [37.0] [cxt 0] Skipping checksum 'cksum' update because condition not met
[01:11:33.262] [bmv2] [D] [thread 3562] [37.0] [cxt 0] Deparsing header 'ethernet'
[01:11:33.262] [bmv2] [D] [thread 3562] [37.0] [cxt 0] Deparser 'deparser': end
[01:11:33.262] [bmv2] [D] [thread 3566] [36.0] [cxt 0] Transmitting packet of size 70 out of port 0
[01:11:33.262] [bmv2] [D] [thread 3566] [37.0] [cxt 0] Transmitting packet of size 70 out of port 0
[01:11:33.642] [bmv2] [D] [thread 3561] [38.0] [cxt 0] Processing packet received on port 1
[01:11:33.642] [bmv2] [D] [thread 3561] [38.0] [cxt 0] Parser 'parser': start
[01:11:33.642] [bmv2] [D] [thread 3561] [38.0] [cxt 0] Parser 'parser' entering state 'start'
[01:11:33.642] [bmv2] [D] [thread 3561] [38.0] [cxt 0] Extracting header 'ethernet'
[01:11:33.643] [bmv2] [D] [thread 3561] [38.0] [cxt 0] Parser state 'start': key is 86dd
[01:11:33.643] [bmv2] [T] [thread 3561] [38.0] [cxt 0] Bytes parsed: 14
[01:11:33.643] [bmv2] [D] [thread 3561] [38.0] [cxt 0] Parser 'parser': end
[01:11:33.643] [bmv2] [D] [thread 3561] [38.0] [cxt 0] Pipeline 'ingress': start
[01:11:33.643] [bmv2] [T] [thread 3561] [38.0] [cxt 0] zdf.p4(256) Condition "hdr.ipv4.ttl>0" (node_2) is false
[01:11:33.643] [bmv2] [D] [thread 3561] [38.0] [cxt 0] Pipeline 'ingress': end
[01:11:33.643] [bmv2] [D] [thread 3561] [38.0] [cxt 0] Egress port is 0
[01:11:33.643] [bmv2] [D] [thread 3562] [38.0] [cxt 0] Pipeline 'egress': start
[01:11:33.643] [bmv2] [D] [thread 3562] [38.0] [cxt 0] Pipeline 'egress': end
[01:11:33.643] [bmv2] [D] [thread 3562] [38.0] [cxt 0] Deparser 'deparser': start
[01:11:33.643] [bmv2] [T] [thread 3562] [38.0] [cxt 0] Skipping checksum 'cksum' update because condition not met
[01:11:33.643] [bmv2] [D] [thread 3562] [38.0] [cxt 0] Deparsing header 'ethernet'
[01:11:33.643] [bmv2] [D] [thread 3562] [38.0] [cxt 0] Deparser 'deparser': end
[01:11:33.643] [bmv2] [D] [thread 3566] [38.0] [cxt 0] Transmitting packet of size 70 out of port 0
[01:11:33.726] [bmv2] [D] [thread 3561] [39.0] [cxt 0] Processing packet received on port 3
[01:11:33.726] [bmv2] [D] [thread 3561] [39.0] [cxt 0] Parser 'parser': start
[01:11:33.726] [bmv2] [D] [thread 3561] [39.0] [cxt 0] Parser 'parser' entering state 'start'
[01:11:33.726] [bmv2] [D] [thread 3561] [39.0] [cxt 0] Extracting header 'ethernet'
[01:11:33.726] [bmv2] [D] [thread 3561] [39.0] [cxt 0] Parser state 'start': key is 86dd
[01:11:33.726] [bmv2] [T] [thread 3561] [39.0] [cxt 0] Bytes parsed: 14
[01:11:33.726] [bmv2] [D] [thread 3561] [39.0] [cxt 0] Parser 'parser': end
[01:11:33.727] [bmv2] [D] [thread 3561] [39.0] [cxt 0] Pipeline 'ingress': start
[01:11:33.727] [bmv2] [T] [thread 3561] [39.0] [cxt 0] zdf.p4(256) Condition "hdr.ipv4.ttl>0" (node_2) is false
[01:11:33.727] [bmv2] [D] [thread 3561] [39.0] [cxt 0] Pipeline 'ingress': end
[01:11:33.727] [bmv2] [D] [thread 3561] [39.0] [cxt 0] Egress port is 0
[01:11:33.727] [bmv2] [D] [thread 3562] [39.0] [cxt 0] Pipeline 'egress': start
[01:11:33.727] [bmv2] [D] [thread 3562] [39.0] [cxt 0] Pipeline 'egress': end
[01:11:33.727] [bmv2] [D] [thread 3562] [39.0] [cxt 0] Deparser 'deparser': start
[01:11:33.727] [bmv2] [T] [thread 3562] [39.0] [cxt 0] Skipping checksum 'cksum' update because condition not met
[01:11:33.727] [bmv2] [D] [thread 3562] [39.0] [cxt 0] Deparsing header 'ethernet'
[01:11:33.727] [bmv2] [D] [thread 3562] [39.0] [cxt 0] Deparser 'deparser': end
[01:11:33.727] [bmv2] [D] [thread 3566] [39.0] [cxt 0] Transmitting packet of size 70 out of port 0
[01:11:33.951] [bmv2] [D] [thread 3561] [40.0] [cxt 0] Processing packet received on port 5
[01:11:33.951] [bmv2] [D] [thread 3561] [40.0] [cxt 0] Parser 'parser': start
[01:11:33.951] [bmv2] [D] [thread 3561] [40.0] [cxt 0] Parser 'parser' entering state 'start'
[01:11:33.951] [bmv2] [D] [thread 3561] [40.0] [cxt 0] Extracting header 'ethernet'
[01:11:33.951] [bmv2] [D] [thread 3561] [40.0] [cxt 0] Parser state 'start': key is 86dd
[01:11:33.951] [bmv2] [T] [thread 3561] [40.0] [cxt 0] Bytes parsed: 14
[01:11:33.951] [bmv2] [D] [thread 3561] [40.0] [cxt 0] Parser 'parser': end
[01:11:33.951] [bmv2] [D] [thread 3561] [40.0] [cxt 0] Pipeline 'ingress': start
[01:11:33.951] [bmv2] [T] [thread 3561] [40.0] [cxt 0] zdf.p4(256) Condition "hdr.ipv4.ttl>0" (node_2) is false
[01:11:33.951] [bmv2] [D] [thread 3561] [40.0] [cxt 0] Pipeline 'ingress': end
[01:11:33.952] [bmv2] [D] [thread 3561] [40.0] [cxt 0] Egress port is 0
[01:11:33.952] [bmv2] [D] [thread 3562] [40.0] [cxt 0] Pipeline 'egress': start
[01:11:33.952] [bmv2] [D] [thread 3562] [40.0] [cxt 0] Pipeline 'egress': end
[01:11:33.952] [bmv2] [D] [thread 3562] [40.0] [cxt 0] Deparser 'deparser': start
[01:11:33.952] [bmv2] [T] [thread 3562] [40.0] [cxt 0] Skipping checksum 'cksum' update because condition not met
[01:11:33.952] [bmv2] [D] [thread 3562] [40.0] [cxt 0] Deparsing header 'ethernet'
[01:11:33.952] [bmv2] [D] [thread 3562] [40.0] [cxt 0] Deparser 'deparser': end
[01:11:33.952] [bmv2] [D] [thread 3566] [40.0] [cxt 0] Transmitting packet of size 70 out of port 0
[01:11:33.952] [bmv2] [D] [thread 3561] [41.0] [cxt 0] Processing packet received on port 5
[01:11:33.952] [bmv2] [D] [thread 3561] [41.0] [cxt 0] Parser 'parser': start
[01:11:33.952] [bmv2] [D] [thread 3561] [41.0] [cxt 0] Parser 'parser' entering state 'start'
[01:11:33.952] [bmv2] [D] [thread 3561] [41.0] [cxt 0] Extracting header 'ethernet'
[01:11:33.952] [bmv2] [D] [thread 3561] [41.0] [cxt 0] Parser state 'start': key is 86dd
[01:11:33.952] [bmv2] [T] [thread 3561] [41.0] [cxt 0] Bytes parsed: 14
[01:11:33.952] [bmv2] [D] [thread 3561] [41.0] [cxt 0] Parser 'parser': end
[01:11:33.952] [bmv2] [D] [thread 3561] [41.0] [cxt 0] Pipeline 'ingress': start
[01:11:33.952] [bmv2] [T] [thread 3561] [41.0] [cxt 0] zdf.p4(256) Condition "hdr.ipv4.ttl>0" (node_2) is false
[01:11:33.952] [bmv2] [D] [thread 3561] [41.0] [cxt 0] Pipeline 'ingress': end
[01:11:33.952] [bmv2] [D] [thread 3561] [41.0] [cxt 0] Egress port is 0
[01:11:33.952] [bmv2] [D] [thread 3562] [41.0] [cxt 0] Pipeline 'egress': start
[01:11:33.952] [bmv2] [D] [thread 3562] [41.0] [cxt 0] Pipeline 'egress': end
[01:11:33.952] [bmv2] [D] [thread 3562] [41.0] [cxt 0] Deparser 'deparser': start
[01:11:33.952] [bmv2] [T] [thread 3562] [41.0] [cxt 0] Skipping checksum 'cksum' update because condition not met
[01:11:33.952] [bmv2] [D] [thread 3562] [41.0] [cxt 0] Deparsing header 'ethernet'
[01:11:33.952] [bmv2] [D] [thread 3562] [41.0] [cxt 0] Deparser 'deparser': end
[01:11:33.952] [bmv2] [D] [thread 3566] [41.0] [cxt 0] Transmitting packet of size 70 out of port 0
open: No such file or directory
open: No such file or directory
open: No such file or directory
open: No such file or directory
open: No such file or directory
open: No such file or directory
open: No such file or directory
open: No such file or directory
open: No such file or directory
open: No such file or directory
open: No such file or directory
